[+] Containers:
 |- [+] Container: /Game/ThirdPerson/Maps/L_Level1
 |   |- [+] ActorDescs:
 |   |   |- Guid:2F134C1349720E86F423D7AD36133B34 NativeClass:/Script/Engine.StaticMeshActor Name:StaticMeshActor_UAID_2C58B90D06598AC202_2110830662 Label:Cube_005 SpatiallyLoaded:true EditorBounds:IsValid=true, Min=(X=323.241 Y=314.324 Z=-33.241), Max=(X=777.839 Y=885.676 Z=124.463) RuntimeBounds:IsValid=true, Min=(X=323.241 Y=314.324 Z=-33.241), Max=(X=777.839 Y=885.676 Z=124.463) RuntimeGrid:None EditorOnly:false RuntimeOnly:false HLODRelevant:true ListedInSceneOutliner:true IsMainWorldOnly:false
 |   |   |- Guid:2FB58999456391D349DC0F86DAC136ED NativeClass:/Script/Engine.SkyLight Name:SkyLight_1 Label:SkyLight SpatiallyLoaded:false EditorBounds:IsValid=true, Min=(X=-1.000 Y=-1.000 Z=-1.000), Max=(X=1.000 Y=1.000 Z=690.000) RuntimeBounds:IsValid=true, Min=(X=0.000 Y=0.000 Z=690.000), Max=(X=0.000 Y=0.000 Z=690.000) RuntimeGrid:None EditorOnly:false RuntimeOnly:false HLODRelevant:false ListedInSceneOutliner:true IsMainWorldOnly:false FolderPath:Lighting FolderGuid:963EC3EB4002CCE9759E2EBA541A873A
 |   |   |- Guid:316CF2A6494ACA4C0E4180A87D36AB8F NativeClass:/Script/Engine.ExponentialHeightFog Name:ExponentialHeightFog_0 Label:ExponentialHeightFog SpatiallyLoaded:false EditorBounds:IsValid=true, Min=(X=-5728.000 Y=-178.000 Z=-6978.000), Max=(X=-5472.000 Y=78.000 Z=-6722.000) RuntimeBounds:IsValid=true, Min=(X=-5600.000 Y=-50.000 Z=-6850.000), Max=(X=-5600.000 Y=-50.000 Z=-6850.000) RuntimeGrid:None EditorOnly:false RuntimeOnly:false HLODRelevant:false ListedInSceneOutliner:true IsMainWorldOnly:false FolderPath:Lighting FolderGuid:963EC3EB4002CCE9759E2EBA541A873A
 |   |   |- Guid:3A00AA1C422CE54C0BDB60BAF471BFBB NativeClass:/Script/Engine.PlayerStart Name:PlayerStart_0 Label:PlayerStart SpatiallyLoaded:false EditorBounds:IsValid=true, Min=(X=416.322 Y=472.000 Z=-19.885), Max=(X=784.322 Y=728.000 Z=236.115) RuntimeBounds:IsValid=true, Min=(X=504.322 Y=560.000 Z=16.115), Max=(X=584.322 Y=640.000 Z=200.115) RuntimeGrid:None EditorOnly:false RuntimeOnly:false HLODRelevant:false ListedInSceneOutliner:true IsMainWorldOnly:false
 |   |   |- Guid:4D3BE93F4146AAAC8BBE79999D96D57F NativeClass:/Script/Engine.VolumetricCloud Name:VolumetricCloud_0 Label:VolumetricCloud SpatiallyLoaded:false EditorBounds:IsValid=true, Min=(X=-128.000 Y=-128.000 Z=692.000), Max=(X=128.000 Y=128.000 Z=948.000) RuntimeBounds:IsValid=true, Min=(X=0.000 Y=0.000 Z=820.000), Max=(X=0.000 Y=0.000 Z=820.000) RuntimeGrid:None EditorOnly:false RuntimeOnly:false HLODRelevant:false ListedInSceneOutliner:true IsMainWorldOnly:false FolderPath:Lighting FolderGuid:963EC3EB4002CCE9759E2EBA541A873A
 |   |   |- Guid:4FD38CCA40FAB5C2A6FC3E88516E6732 NativeClass:/Script/Engine.StaticMeshActor Name:StaticMeshActor_UAID_2C58B90D065983C202_1245852416 Label:SM_Bridge SpatiallyLoaded:true EditorBounds:IsValid=true, Min=(X=1267.626 Y=631.797 Z=56.619), Max=(X=1752.374 Y=743.212 Z=134.316) RuntimeBounds:IsValid=true, Min=(X=1267.626 Y=631.797 Z=56.619), Max=(X=1752.374 Y=743.212 Z=134.316) RuntimeGrid:None EditorOnly:false RuntimeOnly:false HLODRelevant:true ListedInSceneOutliner:true IsMainWorldOnly:false
 |   |   |- Guid:6325042540ABEF17EB38BDA8D0CEABF0 NativeClass:/Script/Engine.StaticMeshActor Name:StaticMeshActor_UAID_2C58B90D06598AC202_1890871661 Label:Cube SpatiallyLoaded:true EditorBounds:IsValid=true, Min=(X=777.251 Y=375.310 Z=-33.707), Max=(X=1277.251 Y=824.690 Z=123.997) RuntimeBounds:IsValid=true, Min=(X=777.251 Y=375.310 Z=-33.707), Max=(X=1277.251 Y=824.690 Z=123.997) RuntimeGrid:None EditorOnly:false RuntimeOnly:false HLODRelevant:true ListedInSceneOutliner:true IsMainWorldOnly:false
 |   |   |- Guid:6BAF4DDD444C60371492D3919DB42C97 NativeClass:/Script/Engine.WorldDataLayers Name:WorldDataLayers Label:WorldDataLayers SpatiallyLoaded:false EditorBounds:IsValid=false, Min=(X=0.000 Y=0.000 Z=0.000), Max=(X=0.000 Y=0.000 Z=0.000) RuntimeBounds:IsValid=false, Min=(X=0.000 Y=0.000 Z=0.000), Max=(X=0.000 Y=0.000 Z=0.000) RuntimeGrid:None EditorOnly:false RuntimeOnly:false HLODRelevant:false ListedInSceneOutliner:true IsMainWorldOnly:true
 |   |   |- Guid:76E03AFE41ACA594A8A802A8142FA058 NativeClass:/Script/Engine.StaticMeshActor Name:StaticMeshActor_UAID_2C58B90D06598BC202_1128086841 Label:Cube_003 SpatiallyLoaded:true EditorBounds:IsValid=true, Min=(X=1744.739 Y=361.899 Z=-33.707), Max=(X=2244.739 Y=843.608 Z=123.997) RuntimeBounds:IsValid=true, Min=(X=1744.739 Y=361.899 Z=-33.707), Max=(X=2244.739 Y=843.608 Z=123.997) RuntimeGrid:None EditorOnly:false RuntimeOnly:false HLODRelevant:true ListedInSceneOutliner:true IsMainWorldOnly:false
 |   |   |- Guid:8E7F97E24D2D82DA1B2C2CA241CCB2DB NativeClass:/Script/Engine.StaticMeshActor Name:StaticMeshActor_UAID_2C58B90D06598BC202_1457096843 Label:SM_Bridge2 SpatiallyLoaded:true EditorBounds:IsValid=true, Min=(X=1267.626 Y=456.931 Z=56.619), Max=(X=1752.374 Y=568.346 Z=134.316) RuntimeBounds:IsValid=true, Min=(X=1267.626 Y=456.931 Z=56.619), Max=(X=1752.374 Y=568.346 Z=134.316) RuntimeGrid:None EditorOnly:false RuntimeOnly:false HLODRelevant:true ListedInSceneOutliner:true IsMainWorldOnly:false
 |   |   |- Guid:A9782D14406E451EA187B1890B615FF6 BaseClass:/Game/Blueprints/BP_Goal.BP_Goal_C NativeClass:/Script/Engine.Actor Name:BP_Goal_C_UAID_04421A22D216F3C002_1290680015 Label:BP_Goal SpatiallyLoaded:true EditorBounds:IsValid=true, Min=(X=921.450 Y=527.573 Z=75.000), Max=(X=1021.450 Y=627.573 Z=175.000) RuntimeBounds:IsValid=true, Min=(X=921.450 Y=527.573 Z=75.000), Max=(X=1021.450 Y=627.573 Z=175.000) RuntimeGrid:None EditorOnly:false RuntimeOnly:false HLODRelevant:false ListedInSceneOutliner:true IsMainWorldOnly:false
 |   |   |- Guid:B785ED2844B84CFB91E7F39FE661CD99 NativeClass:/Script/Engine.DirectionalLight Name:DirectionalLight_0 Label:DirectionalLight SpatiallyLoaded:false EditorBounds:IsValid=false, Min=(X=0.000 Y=0.000 Z=0.000), Max=(X=0.000 Y=0.000 Z=0.000) RuntimeBounds:IsValid=false, Min=(X=0.000 Y=0.000 Z=0.000), Max=(X=0.000 Y=0.000 Z=0.000) RuntimeGrid:None EditorOnly:false RuntimeOnly:false HLODRelevant:false ListedInSceneOutliner:true IsMainWorldOnly:false FolderPath:Lighting FolderGuid:963EC3EB4002CCE9759E2EBA541A873A
 |   |   |- Guid:C4440D3B4520668414FA8E8D5F13C8E0 NativeClass:/Script/Engine.StaticMeshActor Name:StaticMeshActor_UAID_2C58B90D06598BC202_1159001842 Label:Cube_6 SpatiallyLoaded:true EditorBounds:IsValid=true, Min=(X=2239.771 Y=304.288 Z=-33.241), Max=(X=2694.369 Y=875.639 Z=124.463) RuntimeBounds:IsValid=true, Min=(X=2239.771 Y=304.288 Z=-33.241), Max=(X=2694.369 Y=875.639 Z=124.463) RuntimeGrid:None EditorOnly:false RuntimeOnly:false HLODRelevant:true ListedInSceneOutliner:true IsMainWorldOnly:false
 |   |   |- Guid:CCFF262C46EEFFDF319E7F9539CE697E NativeClass:/Script/Engine.SkyAtmosphere Name:SkyAtmosphere_0 Label:SkyAtmosphere SpatiallyLoaded:false EditorBounds:IsValid=true, Min=(X=-128.000 Y=-128.000 Z=892.000), Max=(X=240.000 Y=128.000 Z=1148.000) RuntimeBounds:IsValid=true, Min=(X=0.000 Y=0.000 Z=1020.000), Max=(X=0.000 Y=0.000 Z=1020.000) RuntimeGrid:None EditorOnly:false RuntimeOnly:false HLODRelevant:false ListedInSceneOutliner:true IsMainWorldOnly:false FolderPath:Lighting FolderGuid:963EC3EB4002CCE9759E2EBA541A873A
 |   |   |- Guid:E643FC594DECBDAF03F285A410E3D58B BaseClass:/Game/Player/BP_MovingCamera.BP_MovingCamera_C NativeClass:/Script/Engine.Actor Name:BP_MovingCamera_C_UAID_2C58B90D0659A5C002_1109503289 Label:BP_MovingCamera SpatiallyLoaded:true EditorBounds:IsValid=true, Min=(X=40.000 Y=-170.400 Z=380.000), Max=(X=2060.000 Y=1849.600 Z=2400.000) RuntimeBounds:IsValid=true, Min=(X=1050.000 Y=839.600 Z=1390.000), Max=(X=1050.000 Y=839.600 Z=1390.000) RuntimeGrid:None EditorOnly:false RuntimeOnly:false HLODRelevant:false ListedInSceneOutliner:true IsMainWorldOnly:false
 |   |   |- Guid:EC4E0C944CE6AC6E784BC6BB2916EA13 NativeClass:/Script/Engine.StaticMeshActor Name:StaticMeshActor_UAID_A4AE111137DC5EFB00_1110535423 Label:SM_SkySphere SpatiallyLoaded:false EditorBounds:IsValid=true, Min=(X=-1638400.000 Y=-1638400.000 Z=-1638400.000), Max=(X=1638400.000 Y=1638400.000 Z=1638400.000) RuntimeBounds:IsValid=true, Min=(X=-1638400.000 Y=-1638400.000 Z=-1638400.000), Max=(X=1638400.000 Y=1638400.000 Z=1638400.000) RuntimeGrid:None EditorOnly:false RuntimeOnly:false HLODRelevant:false ListedInSceneOutliner:true IsMainWorldOnly:false FolderPath:Lighting FolderGuid:963EC3EB4002CCE9759E2EBA541A873A
 |   |   |- Guid:F1924B8D48954B30891B2DB6A694F9CC NativeClass:/Script/Engine.StaticMeshActor Name:StaticMeshActor_1 Label:SM_Cube SpatiallyLoaded:true EditorBounds:IsValid=true, Min=(X=0.000 Y=0.000 Z=-50.000), Max=(X=3600.000 Y=2400.000 Z=0.000) RuntimeBounds:IsValid=true, Min=(X=0.000 Y=0.000 Z=-50.000), Max=(X=3600.000 Y=2400.000 Z=0.000) RuntimeGrid:None EditorOnly:false RuntimeOnly:false HLODRelevant:true ListedInSceneOutliner:true IsMainWorldOnly:false FolderPath:Playground FolderGuid:C73F09FC4215536B1DCE2A9E0A830C70
 |   |   |- Guid:F5E3FEB3450C49844FD93DA8E083C8AD NativeClass:/Script/Engine.PostProcessVolume Name:PostProcessVolume_0 Label:PostProcessVolume SpatiallyLoaded:false EditorBounds:IsValid=true, Min=(X=0.000 Y=0.000 Z=400.000), Max=(X=200.000 Y=200.000 Z=600.000) RuntimeBounds:IsValid=true, Min=(X=0.000 Y=0.000 Z=400.000), Max=(X=200.000 Y=200.000 Z=600.000) RuntimeGrid:None EditorOnly:false RuntimeOnly:false HLODRelevant:false ListedInSceneOutliner:true IsMainWorldOnly:false FolderPath:Lighting FolderGuid:963EC3EB4002CCE9759E2EBA541A873A
 |   |- [+] Clusters:
 |   |   |- [+] [  0]
 |   |   |   |- Guid:2F134C1349720E86F423D7AD36133B34 NativeClass:/Script/Engine.StaticMeshActor Name:StaticMeshActor_UAID_2C58B90D06598AC202_2110830662 Label:Cube_005 SpatiallyLoaded:true EditorBounds:IsValid=true, Min=(X=323.241 Y=314.324 Z=-33.241), Max=(X=777.839 Y=885.676 Z=124.463) RuntimeBounds:IsValid=true, Min=(X=323.241 Y=314.324 Z=-33.241), Max=(X=777.839 Y=885.676 Z=124.463) RuntimeGrid:None EditorOnly:false RuntimeOnly:false HLODRelevant:true ListedInSceneOutliner:true IsMainWorldOnly:false
 |   |   |- [+] [  1]
 |   |   |   |- Guid:2FB58999456391D349DC0F86DAC136ED NativeClass:/Script/Engine.SkyLight Name:SkyLight_1 Label:SkyLight SpatiallyLoaded:false EditorBounds:IsValid=true, Min=(X=-1.000 Y=-1.000 Z=-1.000), Max=(X=1.000 Y=1.000 Z=690.000) RuntimeBounds:IsValid=true, Min=(X=0.000 Y=0.000 Z=690.000), Max=(X=0.000 Y=0.000 Z=690.000) RuntimeGrid:None EditorOnly:false RuntimeOnly:false HLODRelevant:false ListedInSceneOutliner:true IsMainWorldOnly:false FolderPath:Lighting FolderGuid:963EC3EB4002CCE9759E2EBA541A873A
 |   |   |- [+] [  2]
 |   |   |   |- Guid:316CF2A6494ACA4C0E4180A87D36AB8F NativeClass:/Script/Engine.ExponentialHeightFog Name:ExponentialHeightFog_0 Label:ExponentialHeightFog SpatiallyLoaded:false EditorBounds:IsValid=true, Min=(X=-5728.000 Y=-178.000 Z=-6978.000), Max=(X=-5472.000 Y=78.000 Z=-6722.000) RuntimeBounds:IsValid=true, Min=(X=-5600.000 Y=-50.000 Z=-6850.000), Max=(X=-5600.000 Y=-50.000 Z=-6850.000) RuntimeGrid:None EditorOnly:false RuntimeOnly:false HLODRelevant:false ListedInSceneOutliner:true IsMainWorldOnly:false FolderPath:Lighting FolderGuid:963EC3EB4002CCE9759E2EBA541A873A
 |   |   |- [+] [  3]
 |   |   |   |- Guid:3A00AA1C422CE54C0BDB60BAF471BFBB NativeClass:/Script/Engine.PlayerStart Name:PlayerStart_0 Label:PlayerStart SpatiallyLoaded:false EditorBounds:IsValid=true, Min=(X=416.322 Y=472.000 Z=-19.885), Max=(X=784.322 Y=728.000 Z=236.115) RuntimeBounds:IsValid=true, Min=(X=504.322 Y=560.000 Z=16.115), Max=(X=584.322 Y=640.000 Z=200.115) RuntimeGrid:None EditorOnly:false RuntimeOnly:false HLODRelevant:false ListedInSceneOutliner:true IsMainWorldOnly:false
 |   |   |- [+] [  4]
 |   |   |   |- Guid:4D3BE93F4146AAAC8BBE79999D96D57F NativeClass:/Script/Engine.VolumetricCloud Name:VolumetricCloud_0 Label:VolumetricCloud SpatiallyLoaded:false EditorBounds:IsValid=true, Min=(X=-128.000 Y=-128.000 Z=692.000), Max=(X=128.000 Y=128.000 Z=948.000) RuntimeBounds:IsValid=true, Min=(X=0.000 Y=0.000 Z=820.000), Max=(X=0.000 Y=0.000 Z=820.000) RuntimeGrid:None EditorOnly:false RuntimeOnly:false HLODRelevant:false ListedInSceneOutliner:true IsMainWorldOnly:false FolderPath:Lighting FolderGuid:963EC3EB4002CCE9759E2EBA541A873A
 |   |   |- [+] [  5]
 |   |   |   |- Guid:4FD38CCA40FAB5C2A6FC3E88516E6732 NativeClass:/Script/Engine.StaticMeshActor Name:StaticMeshActor_UAID_2C58B90D065983C202_1245852416 Label:SM_Bridge SpatiallyLoaded:true EditorBounds:IsValid=true, Min=(X=1267.626 Y=631.797 Z=56.619), Max=(X=1752.374 Y=743.212 Z=134.316) RuntimeBounds:IsValid=true, Min=(X=1267.626 Y=631.797 Z=56.619), Max=(X=1752.374 Y=743.212 Z=134.316) RuntimeGrid:None EditorOnly:false RuntimeOnly:false HLODRelevant:true ListedInSceneOutliner:true IsMainWorldOnly:false
 |   |   |- [+] [  6]
 |   |   |   |- Guid:6325042540ABEF17EB38BDA8D0CEABF0 NativeClass:/Script/Engine.StaticMeshActor Name:StaticMeshActor_UAID_2C58B90D06598AC202_1890871661 Label:Cube SpatiallyLoaded:true EditorBounds:IsValid=true, Min=(X=777.251 Y=375.310 Z=-33.707), Max=(X=1277.251 Y=824.690 Z=123.997) RuntimeBounds:IsValid=true, Min=(X=777.251 Y=375.310 Z=-33.707), Max=(X=1277.251 Y=824.690 Z=123.997) RuntimeGrid:None EditorOnly:false RuntimeOnly:false HLODRelevant:true ListedInSceneOutliner:true IsMainWorldOnly:false
 |   |   |- [+] [  7]
 |   |   |   |- Guid:6BAF4DDD444C60371492D3919DB42C97 NativeClass:/Script/Engine.WorldDataLayers Name:WorldDataLayers Label:WorldDataLayers SpatiallyLoaded:false EditorBounds:IsValid=false, Min=(X=0.000 Y=0.000 Z=0.000), Max=(X=0.000 Y=0.000 Z=0.000) RuntimeBounds:IsValid=false, Min=(X=0.000 Y=0.000 Z=0.000), Max=(X=0.000 Y=0.000 Z=0.000) RuntimeGrid:None EditorOnly:false RuntimeOnly:false HLODRelevant:false ListedInSceneOutliner:true IsMainWorldOnly:true
 |   |   |- [+] [  8]
 |   |   |   |- Guid:76E03AFE41ACA594A8A802A8142FA058 NativeClass:/Script/Engine.StaticMeshActor Name:StaticMeshActor_UAID_2C58B90D06598BC202_1128086841 Label:Cube_003 SpatiallyLoaded:true EditorBounds:IsValid=true, Min=(X=1744.739 Y=361.899 Z=-33.707), Max=(X=2244.739 Y=843.608 Z=123.997) RuntimeBounds:IsValid=true, Min=(X=1744.739 Y=361.899 Z=-33.707), Max=(X=2244.739 Y=843.608 Z=123.997) RuntimeGrid:None EditorOnly:false RuntimeOnly:false HLODRelevant:true ListedInSceneOutliner:true IsMainWorldOnly:false
 |   |   |- [+] [  9]
 |   |   |   |- Guid:8E7F97E24D2D82DA1B2C2CA241CCB2DB NativeClass:/Script/Engine.StaticMeshActor Name:StaticMeshActor_UAID_2C58B90D06598BC202_1457096843 Label:SM_Bridge2 SpatiallyLoaded:true EditorBounds:IsValid=true, Min=(X=1267.626 Y=456.931 Z=56.619), Max=(X=1752.374 Y=568.346 Z=134.316) RuntimeBounds:IsValid=true, Min=(X=1267.626 Y=456.931 Z=56.619), Max=(X=1752.374 Y=568.346 Z=134.316) RuntimeGrid:None EditorOnly:false RuntimeOnly:false HLODRelevant:true ListedInSceneOutliner:true IsMainWorldOnly:false
 |   |   |- [+] [ 10]
 |   |   |   |- Guid:A9782D14406E451EA187B1890B615FF6 BaseClass:/Game/Blueprints/BP_Goal.BP_Goal_C NativeClass:/Script/Engine.Actor Name:BP_Goal_C_UAID_04421A22D216F3C002_1290680015 Label:BP_Goal SpatiallyLoaded:true EditorBounds:IsValid=true, Min=(X=921.450 Y=527.573 Z=75.000), Max=(X=1021.450 Y=627.573 Z=175.000) RuntimeBounds:IsValid=true, Min=(X=921.450 Y=527.573 Z=75.000), Max=(X=1021.450 Y=627.573 Z=175.000) RuntimeGrid:None EditorOnly:false RuntimeOnly:false HLODRelevant:false ListedInSceneOutliner:true IsMainWorldOnly:false
 |   |   |- [+] [ 11]
 |   |   |   |- Guid:B785ED2844B84CFB91E7F39FE661CD99 NativeClass:/Script/Engine.DirectionalLight Name:DirectionalLight_0 Label:DirectionalLight SpatiallyLoaded:false EditorBounds:IsValid=false, Min=(X=0.000 Y=0.000 Z=0.000), Max=(X=0.000 Y=0.000 Z=0.000) RuntimeBounds:IsValid=false, Min=(X=0.000 Y=0.000 Z=0.000), Max=(X=0.000 Y=0.000 Z=0.000) RuntimeGrid:None EditorOnly:false RuntimeOnly:false HLODRelevant:false ListedInSceneOutliner:true IsMainWorldOnly:false FolderPath:Lighting FolderGuid:963EC3EB4002CCE9759E2EBA541A873A
 |   |   |- [+] [ 12]
 |   |   |   |- Guid:C4440D3B4520668414FA8E8D5F13C8E0 NativeClass:/Script/Engine.StaticMeshActor Name:StaticMeshActor_UAID_2C58B90D06598BC202_1159001842 Label:Cube_6 SpatiallyLoaded:true EditorBounds:IsValid=true, Min=(X=2239.771 Y=304.288 Z=-33.241), Max=(X=2694.369 Y=875.639 Z=124.463) RuntimeBounds:IsValid=true, Min=(X=2239.771 Y=304.288 Z=-33.241), Max=(X=2694.369 Y=875.639 Z=124.463) RuntimeGrid:None EditorOnly:false RuntimeOnly:false HLODRelevant:true ListedInSceneOutliner:true IsMainWorldOnly:false
 |   |   |- [+] [ 13]
 |   |   |   |- Guid:CCFF262C46EEFFDF319E7F9539CE697E NativeClass:/Script/Engine.SkyAtmosphere Name:SkyAtmosphere_0 Label:SkyAtmosphere SpatiallyLoaded:false EditorBounds:IsValid=true, Min=(X=-128.000 Y=-128.000 Z=892.000), Max=(X=240.000 Y=128.000 Z=1148.000) RuntimeBounds:IsValid=true, Min=(X=0.000 Y=0.000 Z=1020.000), Max=(X=0.000 Y=0.000 Z=1020.000) RuntimeGrid:None EditorOnly:false RuntimeOnly:false HLODRelevant:false ListedInSceneOutliner:true IsMainWorldOnly:false FolderPath:Lighting FolderGuid:963EC3EB4002CCE9759E2EBA541A873A
 |   |   |- [+] [ 14]
 |   |   |   |- Guid:E643FC594DECBDAF03F285A410E3D58B BaseClass:/Game/Player/BP_MovingCamera.BP_MovingCamera_C NativeClass:/Script/Engine.Actor Name:BP_MovingCamera_C_UAID_2C58B90D0659A5C002_1109503289 Label:BP_MovingCamera SpatiallyLoaded:true EditorBounds:IsValid=true, Min=(X=40.000 Y=-170.400 Z=380.000), Max=(X=2060.000 Y=1849.600 Z=2400.000) RuntimeBounds:IsValid=true, Min=(X=1050.000 Y=839.600 Z=1390.000), Max=(X=1050.000 Y=839.600 Z=1390.000) RuntimeGrid:None EditorOnly:false RuntimeOnly:false HLODRelevant:false ListedInSceneOutliner:true IsMainWorldOnly:false
 |   |   |- [+] [ 15]
 |   |   |   |- Guid:EC4E0C944CE6AC6E784BC6BB2916EA13 NativeClass:/Script/Engine.StaticMeshActor Name:StaticMeshActor_UAID_A4AE111137DC5EFB00_1110535423 Label:SM_SkySphere SpatiallyLoaded:false EditorBounds:IsValid=true, Min=(X=-1638400.000 Y=-1638400.000 Z=-1638400.000), Max=(X=1638400.000 Y=1638400.000 Z=1638400.000) RuntimeBounds:IsValid=true, Min=(X=-1638400.000 Y=-1638400.000 Z=-1638400.000), Max=(X=1638400.000 Y=1638400.000 Z=1638400.000) RuntimeGrid:None EditorOnly:false RuntimeOnly:false HLODRelevant:false ListedInSceneOutliner:true IsMainWorldOnly:false FolderPath:Lighting FolderGuid:963EC3EB4002CCE9759E2EBA541A873A
 |   |   |- [+] [ 16]
 |   |   |   |- Guid:F1924B8D48954B30891B2DB6A694F9CC NativeClass:/Script/Engine.StaticMeshActor Name:StaticMeshActor_1 Label:SM_Cube SpatiallyLoaded:true EditorBounds:IsValid=true, Min=(X=0.000 Y=0.000 Z=-50.000), Max=(X=3600.000 Y=2400.000 Z=0.000) RuntimeBounds:IsValid=true, Min=(X=0.000 Y=0.000 Z=-50.000), Max=(X=3600.000 Y=2400.000 Z=0.000) RuntimeGrid:None EditorOnly:false RuntimeOnly:false HLODRelevant:true ListedInSceneOutliner:true IsMainWorldOnly:false FolderPath:Playground FolderGuid:C73F09FC4215536B1DCE2A9E0A830C70
 |   |   |- [+] [ 17]
 |   |   |   |- Guid:F5E3FEB3450C49844FD93DA8E083C8AD NativeClass:/Script/Engine.PostProcessVolume Name:PostProcessVolume_0 Label:PostProcessVolume SpatiallyLoaded:false EditorBounds:IsValid=true, Min=(X=0.000 Y=0.000 Z=400.000), Max=(X=200.000 Y=200.000 Z=600.000) RuntimeBounds:IsValid=true, Min=(X=0.000 Y=0.000 Z=400.000), Max=(X=200.000 Y=200.000 Z=600.000) RuntimeGrid:None EditorOnly:false RuntimeOnly:false HLODRelevant:false ListedInSceneOutliner:true IsMainWorldOnly:false FolderPath:Lighting FolderGuid:963EC3EB4002CCE9759E2EBA541A873A
 |- ContainerInstances:
 |- [+] MainContainer:
 |   |-        ID: 00000000000000000000000000000000
 |   |-  ParentID: 00000000000000000000000000000000
 |   |-    Bounds: IsValid=false, Min=(X=0.000 Y=0.000 Z=0.000), Max=(X=0.000 Y=0.000 Z=0.000)
 |   |- Transform: 0.000000,0.000000,0.000000|0.000000,0.000000,-0.000000|1.000000,1.000000,1.000000
 |   |- Container: /Game/ThirdPerson/Maps/L_Level1
----------------------------------------------------------------------------------------------------------------
L_Level1 - Persistent Level
----------------------------------------------------------------------------------------------------------------
[+] Content of L_Level1 Persistent Level
 |- Always loaded Actor Count: 18 
 |- Actor Path: /Game/ThirdPerson/Maps/L_Level1.L_Level1:PersistentLevel.BP_Goal_C_UAID_04421A22D216F3C002_1290680015
 |- Actor Package: /Game/__ExternalActors__/ThirdPerson/Maps/L_Level1/8/TX/EX7EHD21B34HL7ZISK78AF
 |- Actor Path: /Game/ThirdPerson/Maps/L_Level1.L_Level1:PersistentLevel.BP_MovingCamera_C_UAID_2C58B90D0659A5C002_1109503289
 |- Actor Package: /Game/__ExternalActors__/ThirdPerson/Maps/L_Level1/5/W3/PDK928461PA087PPQ5AQIC
 |- Actor Path: /Game/ThirdPerson/Maps/L_Level1.L_Level1:PersistentLevel.DirectionalLight_0
 |- Actor Package: /Game/__ExternalActors__/ThirdPerson/Maps/L_Level1/9/9D/7ZQ26MGHWZ5LK260ZD5Y9A
 |- Actor Path: /Game/ThirdPerson/Maps/L_Level1.L_Level1:PersistentLevel.ExponentialHeightFog_0
 |- Actor Package: /Game/__ExternalActors__/ThirdPerson/Maps/L_Level1/8/W8/QIMDVXFSPNAD3YZP3GQE3C
 |- Actor Path: /Game/ThirdPerson/Maps/L_Level1.L_Level1:PersistentLevel.PlayerStart_0
 |- Actor Package: /Game/__ExternalActors__/ThirdPerson/Maps/L_Level1/4/HV/1MYRRC54EAIE8424CEITGS
 |- Actor Path: /Game/ThirdPerson/Maps/L_Level1.L_Level1:PersistentLevel.PostProcessVolume_0
 |- Actor Package: /Game/__ExternalActors__/ThirdPerson/Maps/L_Level1/9/8N/P0JQ5504GMF2JCFX6WN2RY
 |- Actor Path: /Game/ThirdPerson/Maps/L_Level1.L_Level1:PersistentLevel.SkyAtmosphere_0
 |- Actor Package: /Game/__ExternalActors__/ThirdPerson/Maps/L_Level1/6/CX/G5C13VEKPB1ZD5GXA83PL7
 |- Actor Path: /Game/ThirdPerson/Maps/L_Level1.L_Level1:PersistentLevel.SkyLight_1
 |- Actor Package: /Game/__ExternalActors__/ThirdPerson/Maps/L_Level1/A/CH/1L7KFM1GW5K1TAS9E05UFA
 |- Actor Path: /Game/ThirdPerson/Maps/L_Level1.L_Level1:PersistentLevel.StaticMeshActor_1
 |- Actor Package: /Game/__ExternalActors__/ThirdPerson/Maps/L_Level1/0/XD/BTTQRKJFS5MOD8OXQIFPGY
 |- Actor Path: /Game/ThirdPerson/Maps/L_Level1.L_Level1:PersistentLevel.StaticMeshActor_UAID_2C58B90D065983C202_1245852416
 |- Actor Package: /Game/__ExternalActors__/ThirdPerson/Maps/L_Level1/A/S7/89EQRK3HZE0YROZ9Q1HNPP
 |- Actor Path: /Game/ThirdPerson/Maps/L_Level1.L_Level1:PersistentLevel.StaticMeshActor_UAID_2C58B90D06598AC202_1890871661
 |- Actor Package: /Game/__ExternalActors__/ThirdPerson/Maps/L_Level1/3/OG/ZQTPGVSD430Q53652W70D1
 |- Actor Path: /Game/ThirdPerson/Maps/L_Level1.L_Level1:PersistentLevel.StaticMeshActor_UAID_2C58B90D06598AC202_2110830662
 |- Actor Package: /Game/__ExternalActors__/ThirdPerson/Maps/L_Level1/9/BT/ED8M68I35V3UF5E2LL0DN0
 |- Actor Path: /Game/ThirdPerson/Maps/L_Level1.L_Level1:PersistentLevel.StaticMeshActor_UAID_2C58B90D06598BC202_1128086841
 |- Actor Package: /Game/__ExternalActors__/ThirdPerson/Maps/L_Level1/1/P4/XDNYUJVFH3FY52JE03GCGH
 |- Actor Path: /Game/ThirdPerson/Maps/L_Level1.L_Level1:PersistentLevel.StaticMeshActor_UAID_2C58B90D06598BC202_1159001842
 |- Actor Package: /Game/__ExternalActors__/ThirdPerson/Maps/L_Level1/2/S8/A93G46KLUCAADZ9ENK4OON
 |- Actor Path: /Game/ThirdPerson/Maps/L_Level1.L_Level1:PersistentLevel.StaticMeshActor_UAID_2C58B90D06598BC202_1457096843
 |- Actor Package: /Game/__ExternalActors__/ThirdPerson/Maps/L_Level1/6/SM/2S9B0W2H8XRYU1GQEQQYBI
 |- Actor Path: /Game/ThirdPerson/Maps/L_Level1.L_Level1:PersistentLevel.StaticMeshActor_UAID_A4AE111137DC5EFB00_1110535423
 |- Actor Package: /Game/__ExternalActors__/ThirdPerson/Maps/L_Level1/E/RJ/K2W2TEVXA6QT9O24JYMCJF
 |- Actor Path: /Game/ThirdPerson/Maps/L_Level1.L_Level1:PersistentLevel.VolumetricCloud_0
 |- Actor Package: /Game/__ExternalActors__/ThirdPerson/Maps/L_Level1/3/Y9/922CKEV3013LZRV58AB083
 |- Actor Path: /Game/ThirdPerson/Maps/L_Level1.L_Level1:PersistentLevel.WorldDataLayers
 |- Actor Package: /Game/__ExternalActors__/ThirdPerson/Maps/L_Level1/7/I3/7MKG5SQQLQ7CFW4S2UW0C3

----------------------------------------------------------------------------------------------------------------
L_Level1 - Runtime Hash Set
----------------------------------------------------------------------------------------------------------------

