[+] Containers:
 |- [+] Container: /Game/ThirdPerson/Maps/L_Level1
 |   |- [+] ActorDescs:
 |   |   |- Guid:1FFF18CD4088C7C09791EC8EEDAF5B6E NativeClass:/Script/Engine.StaticMeshActor Name:StaticMeshActor_UAID_2C58B90D06598AC202_1408830657 Label:Cube_002 SpatiallyLoaded:true EditorBounds:IsValid=true, Min=(X=1690.000 Y=1508.480 Z=-90.535), Max=(X=2190.000 Y=1998.580 Z=67.169) RuntimeBounds:IsValid=true, Min=(X=1690.000 Y=1508.480 Z=-90.535), Max=(X=2190.000 Y=1998.580 Z=67.169) RuntimeGrid:None EditorOnly:false RuntimeOnly:false HLODRelevant:true ListedInSceneOutliner:true IsMainWorldOnly:false
 |   |   |- Guid:23CDFD1C4E710523AAF5588DE60512DB NativeClass:/Script/Engine.StaticMeshActor Name:StaticMeshActor_UAID_2C58B90D06598AC202_1425768659 Label:Cube SpatiallyLoaded:true EditorBounds:IsValid=true, Min=(X=1355.000 Y=1560.310 Z=-65.535), Max=(X=1855.000 Y=2009.690 Z=92.169) RuntimeBounds:IsValid=true, Min=(X=1355.000 Y=1560.310 Z=-65.535), Max=(X=1855.000 Y=2009.690 Z=92.169) RuntimeGrid:None EditorOnly:false RuntimeOnly:false HLODRelevant:true ListedInSceneOutliner:true IsMainWorldOnly:false
 |   |   |- Guid:2FB58999456391D349DC0F86DAC136ED NativeClass:/Script/Engine.SkyLight Name:SkyLight_1 Label:SkyLight SpatiallyLoaded:false EditorBounds:IsValid=true, Min=(X=-1.000 Y=-1.000 Z=-1.000), Max=(X=1.000 Y=1.000 Z=690.000) RuntimeBounds:IsValid=true, Min=(X=0.000 Y=0.000 Z=690.000), Max=(X=0.000 Y=0.000 Z=690.000) RuntimeGrid:None EditorOnly:false RuntimeOnly:false HLODRelevant:false ListedInSceneOutliner:true IsMainWorldOnly:false FolderPath:Lighting FolderGuid:963EC3EB4002CCE9759E2EBA541A873A
 |   |   |- Guid:316CF2A6494ACA4C0E4180A87D36AB8F NativeClass:/Script/Engine.ExponentialHeightFog Name:ExponentialHeightFog_0 Label:ExponentialHeightFog SpatiallyLoaded:false EditorBounds:IsValid=true, Min=(X=-5728.000 Y=-178.000 Z=-6978.000), Max=(X=-5472.000 Y=78.000 Z=-6722.000) RuntimeBounds:IsValid=true, Min=(X=-5600.000 Y=-50.000 Z=-6850.000), Max=(X=-5600.000 Y=-50.000 Z=-6850.000) RuntimeGrid:None EditorOnly:false RuntimeOnly:false HLODRelevant:false ListedInSceneOutliner:true IsMainWorldOnly:false FolderPath:Lighting FolderGuid:963EC3EB4002CCE9759E2EBA541A873A
 |   |   |- Guid:3A00AA1C422CE54C0BDB60BAF471BFBB NativeClass:/Script/Engine.PlayerStart Name:PlayerStart_0 Label:PlayerStart SpatiallyLoaded:false EditorBounds:IsValid=true, Min=(X=682.000 Y=407.000 Z=64.013), Max=(X=1050.000 Y=663.000 Z=320.013) RuntimeBounds:IsValid=true, Min=(X=770.000 Y=495.000 Z=100.013), Max=(X=850.000 Y=575.000 Z=284.013) RuntimeGrid:None EditorOnly:false RuntimeOnly:false HLODRelevant:false ListedInSceneOutliner:true IsMainWorldOnly:false
 |   |   |- Guid:4D3BE93F4146AAAC8BBE79999D96D57F NativeClass:/Script/Engine.VolumetricCloud Name:VolumetricCloud_0 Label:VolumetricCloud SpatiallyLoaded:false EditorBounds:IsValid=true, Min=(X=-128.000 Y=-128.000 Z=692.000), Max=(X=128.000 Y=128.000 Z=948.000) RuntimeBounds:IsValid=true, Min=(X=0.000 Y=0.000 Z=820.000), Max=(X=0.000 Y=0.000 Z=820.000) RuntimeGrid:None EditorOnly:false RuntimeOnly:false HLODRelevant:false ListedInSceneOutliner:true IsMainWorldOnly:false FolderPath:Lighting FolderGuid:963EC3EB4002CCE9759E2EBA541A873A
 |   |   |- Guid:4FD38CCA40FAB5C2A6FC3E88516E6732 NativeClass:/Script/Engine.StaticMeshActor Name:StaticMeshActor_UAID_2C58B90D065983C202_1245852416 Label:SM_Bridge SpatiallyLoaded:true EditorBounds:IsValid=true, Min=(X=1267.626 Y=508.294 Z=56.619), Max=(X=1752.374 Y=640.040 Z=134.316) RuntimeBounds:IsValid=true, Min=(X=1267.626 Y=508.294 Z=56.619), Max=(X=1752.374 Y=640.040 Z=134.316) RuntimeGrid:None EditorOnly:false RuntimeOnly:false HLODRelevant:true ListedInSceneOutliner:true IsMainWorldOnly:false
 |   |   |- Guid:6BAF4DDD444C60371492D3919DB42C97 NativeClass:/Script/Engine.WorldDataLayers Name:WorldDataLayers Label:WorldDataLayers SpatiallyLoaded:false EditorBounds:IsValid=false, Min=(X=0.000 Y=0.000 Z=0.000), Max=(X=0.000 Y=0.000 Z=0.000) RuntimeBounds:IsValid=false, Min=(X=0.000 Y=0.000 Z=0.000), Max=(X=0.000 Y=0.000 Z=0.000) RuntimeGrid:None EditorOnly:false RuntimeOnly:false HLODRelevant:false ListedInSceneOutliner:true IsMainWorldOnly:true
 |   |   |- Guid:A9782D14406E451EA187B1890B615FF6 BaseClass:/Game/Blueprints/BP_Goal.BP_Goal_C NativeClass:/Script/Engine.Actor Name:BP_Goal_C_UAID_04421A22D216F3C002_1290680015 Label:BP_Goal SpatiallyLoaded:true EditorBounds:IsValid=true, Min=(X=1940.000 Y=1050.000 Z=0.000), Max=(X=2040.000 Y=1150.000 Z=100.000) RuntimeBounds:IsValid=true, Min=(X=1940.000 Y=1050.000 Z=0.000), Max=(X=2040.000 Y=1150.000 Z=100.000) RuntimeGrid:None EditorOnly:false RuntimeOnly:false HLODRelevant:false ListedInSceneOutliner:true IsMainWorldOnly:false
 |   |   |- Guid:B785ED2844B84CFB91E7F39FE661CD99 NativeClass:/Script/Engine.DirectionalLight Name:DirectionalLight_0 Label:DirectionalLight SpatiallyLoaded:false EditorBounds:IsValid=false, Min=(X=0.000 Y=0.000 Z=0.000), Max=(X=0.000 Y=0.000 Z=0.000) RuntimeBounds:IsValid=false, Min=(X=0.000 Y=0.000 Z=0.000), Max=(X=0.000 Y=0.000 Z=0.000) RuntimeGrid:None EditorOnly:false RuntimeOnly:false HLODRelevant:false ListedInSceneOutliner:true IsMainWorldOnly:false FolderPath:Lighting FolderGuid:963EC3EB4002CCE9759E2EBA541A873A
 |   |   |- Guid:B8ED7CCE405FDD3DD7716390D65DC686 NativeClass:/Script/Engine.StaticMeshActor Name:StaticMeshActor_UAID_2C58B90D06598AC202_1356231655 Label:Cube_003 SpatiallyLoaded:true EditorBounds:IsValid=true, Min=(X=1385.002 Y=1631.899 Z=-90.535), Max=(X=1885.002 Y=2113.608 Z=67.169) RuntimeBounds:IsValid=true, Min=(X=1385.002 Y=1631.899 Z=-90.535), Max=(X=1885.002 Y=2113.608 Z=67.169) RuntimeGrid:None EditorOnly:false RuntimeOnly:false HLODRelevant:true ListedInSceneOutliner:true IsMainWorldOnly:false
 |   |   |- Guid:CCF8F395421F54133BAD0DAF1D3ADEBD NativeClass:/Script/Engine.StaticMeshActor Name:StaticMeshActor_UAID_2C58B90D065987C202_1814643123 Label:GolfLine2 SpatiallyLoaded:true EditorBounds:IsValid=true, Min=(X=1745.000 Y=424.900 Z=-33.418), Max=(X=2245.000 Y=724.900 Z=124.285) RuntimeBounds:IsValid=true, Min=(X=1745.000 Y=424.900 Z=-33.418), Max=(X=2245.000 Y=724.900 Z=124.285) RuntimeGrid:None EditorOnly:false RuntimeOnly:false HLODRelevant:true ListedInSceneOutliner:true IsMainWorldOnly:false
 |   |   |- Guid:CCFF262C46EEFFDF319E7F9539CE697E NativeClass:/Script/Engine.SkyAtmosphere Name:SkyAtmosphere_0 Label:SkyAtmosphere SpatiallyLoaded:false EditorBounds:IsValid=true, Min=(X=-128.000 Y=-128.000 Z=892.000), Max=(X=240.000 Y=128.000 Z=1148.000) RuntimeBounds:IsValid=true, Min=(X=0.000 Y=0.000 Z=1020.000), Max=(X=0.000 Y=0.000 Z=1020.000) RuntimeGrid:None EditorOnly:false RuntimeOnly:false HLODRelevant:false ListedInSceneOutliner:true IsMainWorldOnly:false FolderPath:Lighting FolderGuid:963EC3EB4002CCE9759E2EBA541A873A
 |   |   |- Guid:DAB42014410D3F188BED1D8384AB74DD NativeClass:/Script/Engine.StaticMeshActor Name:StaticMeshActor_UAID_2C58B90D06598AC202_1437196660 Label:Cube_005 SpatiallyLoaded:true EditorBounds:IsValid=true, Min=(X=471.707 Y=1169.324 Z=-90.069), Max=(X=926.305 Y=1740.676 Z=67.635) RuntimeBounds:IsValid=true, Min=(X=471.707 Y=1169.324 Z=-90.069), Max=(X=926.305 Y=1740.676 Z=67.635) RuntimeGrid:None EditorOnly:false RuntimeOnly:false HLODRelevant:true ListedInSceneOutliner:true IsMainWorldOnly:false
 |   |   |- Guid:DBE20DA8494A2FD8AE52B0924B3EDCEE NativeClass:/Script/Engine.StaticMeshActor Name:StaticMeshActor_UAID_2C58B90D06598AC202_1417389658 Label:Cube_001 SpatiallyLoaded:true EditorBounds:IsValid=true, Min=(X=1090.000 Y=763.480 Z=-40.535), Max=(X=1590.000 Y=1253.580 Z=117.169) RuntimeBounds:IsValid=true, Min=(X=1090.000 Y=763.480 Z=-40.535), Max=(X=1590.000 Y=1253.580 Z=117.169) RuntimeGrid:None EditorOnly:false RuntimeOnly:false HLODRelevant:true ListedInSceneOutliner:true IsMainWorldOnly:false
 |   |   |- Guid:E643FC594DECBDAF03F285A410E3D58B BaseClass:/Game/Player/BP_MovingCamera.BP_MovingCamera_C NativeClass:/Script/Engine.Actor Name:BP_MovingCamera_C_UAID_2C58B90D0659A5C002_1109503289 Label:BP_MovingCamera SpatiallyLoaded:true EditorBounds:IsValid=true, Min=(X=40.000 Y=-170.400 Z=380.000), Max=(X=2060.000 Y=1849.600 Z=2400.000) RuntimeBounds:IsValid=true, Min=(X=1050.000 Y=839.600 Z=1390.000), Max=(X=1050.000 Y=839.600 Z=1390.000) RuntimeGrid:None EditorOnly:false RuntimeOnly:false HLODRelevant:false ListedInSceneOutliner:true IsMainWorldOnly:false
 |   |   |- Guid:EC4E0C944CE6AC6E784BC6BB2916EA13 NativeClass:/Script/Engine.StaticMeshActor Name:StaticMeshActor_UAID_A4AE111137DC5EFB00_1110535423 Label:SM_SkySphere SpatiallyLoaded:false EditorBounds:IsValid=true, Min=(X=-1638400.000 Y=-1638400.000 Z=-1638400.000), Max=(X=1638400.000 Y=1638400.000 Z=1638400.000) RuntimeBounds:IsValid=true, Min=(X=-1638400.000 Y=-1638400.000 Z=-1638400.000), Max=(X=1638400.000 Y=1638400.000 Z=1638400.000) RuntimeGrid:None EditorOnly:false RuntimeOnly:false HLODRelevant:false ListedInSceneOutliner:true IsMainWorldOnly:false FolderPath:Lighting FolderGuid:963EC3EB4002CCE9759E2EBA541A873A
 |   |   |- Guid:F1924B8D48954B30891B2DB6A694F9CC NativeClass:/Script/Engine.StaticMeshActor Name:StaticMeshActor_1 Label:SM_Cube SpatiallyLoaded:true EditorBounds:IsValid=true, Min=(X=0.000 Y=0.000 Z=-50.000), Max=(X=3600.000 Y=2400.000 Z=0.000) RuntimeBounds:IsValid=true, Min=(X=0.000 Y=0.000 Z=-50.000), Max=(X=3600.000 Y=2400.000 Z=0.000) RuntimeGrid:None EditorOnly:false RuntimeOnly:false HLODRelevant:true ListedInSceneOutliner:true IsMainWorldOnly:false FolderPath:Playground FolderGuid:C73F09FC4215536B1DCE2A9E0A830C70
 |   |   |- Guid:F3413B1B4528A212B0B29894445346F3 NativeClass:/Script/Engine.StaticMeshActor Name:StaticMeshActor_UAID_2C58B90D06598AC202_1337954654 Label:Cube_004 SpatiallyLoaded:true EditorBounds:IsValid=true, Min=(X=780.002 Y=310.950 Z=-90.535), Max=(X=1280.002 Y=899.050 Z=67.169) RuntimeBounds:IsValid=true, Min=(X=780.002 Y=310.950 Z=-90.535), Max=(X=1280.002 Y=899.050 Z=67.169) RuntimeGrid:None EditorOnly:false RuntimeOnly:false HLODRelevant:true ListedInSceneOutliner:true IsMainWorldOnly:false
 |   |   |- Guid:F4EA99C543FB97FAEEF66AB9C54B6449 NativeClass:/Script/Engine.StaticMeshActor Name:StaticMeshActor_UAID_2C58B90D06598AC202_1360963656 Label:GolfLine3 SpatiallyLoaded:true EditorBounds:IsValid=true, Min=(X=1010.000 Y=1150.000 Z=-63.418), Max=(X=1510.000 Y=1450.000 Z=94.285) RuntimeBounds:IsValid=true, Min=(X=1010.000 Y=1150.000 Z=-63.418), Max=(X=1510.000 Y=1450.000 Z=94.285) RuntimeGrid:None EditorOnly:false RuntimeOnly:false HLODRelevant:true ListedInSceneOutliner:true IsMainWorldOnly:false
 |   |   |- Guid:F5E3FEB3450C49844FD93DA8E083C8AD NativeClass:/Script/Engine.PostProcessVolume Name:PostProcessVolume_0 Label:PostProcessVolume SpatiallyLoaded:false EditorBounds:IsValid=true, Min=(X=0.000 Y=0.000 Z=400.000), Max=(X=200.000 Y=200.000 Z=600.000) RuntimeBounds:IsValid=true, Min=(X=0.000 Y=0.000 Z=400.000), Max=(X=200.000 Y=200.000 Z=600.000) RuntimeGrid:None EditorOnly:false RuntimeOnly:false HLODRelevant:false ListedInSceneOutliner:true IsMainWorldOnly:false FolderPath:Lighting FolderGuid:963EC3EB4002CCE9759E2EBA541A873A
 |   |- [+] Clusters:
 |   |   |- [+] [  0]
 |   |   |   |- Guid:1FFF18CD4088C7C09791EC8EEDAF5B6E NativeClass:/Script/Engine.StaticMeshActor Name:StaticMeshActor_UAID_2C58B90D06598AC202_1408830657 Label:Cube_002 SpatiallyLoaded:true EditorBounds:IsValid=true, Min=(X=1690.000 Y=1508.480 Z=-90.535), Max=(X=2190.000 Y=1998.580 Z=67.169) RuntimeBounds:IsValid=true, Min=(X=1690.000 Y=1508.480 Z=-90.535), Max=(X=2190.000 Y=1998.580 Z=67.169) RuntimeGrid:None EditorOnly:false RuntimeOnly:false HLODRelevant:true ListedInSceneOutliner:true IsMainWorldOnly:false
 |   |   |- [+] [  1]
 |   |   |   |- Guid:23CDFD1C4E710523AAF5588DE60512DB NativeClass:/Script/Engine.StaticMeshActor Name:StaticMeshActor_UAID_2C58B90D06598AC202_1425768659 Label:Cube SpatiallyLoaded:true EditorBounds:IsValid=true, Min=(X=1355.000 Y=1560.310 Z=-65.535), Max=(X=1855.000 Y=2009.690 Z=92.169) RuntimeBounds:IsValid=true, Min=(X=1355.000 Y=1560.310 Z=-65.535), Max=(X=1855.000 Y=2009.690 Z=92.169) RuntimeGrid:None EditorOnly:false RuntimeOnly:false HLODRelevant:true ListedInSceneOutliner:true IsMainWorldOnly:false
 |   |   |- [+] [  2]
 |   |   |   |- Guid:2FB58999456391D349DC0F86DAC136ED NativeClass:/Script/Engine.SkyLight Name:SkyLight_1 Label:SkyLight SpatiallyLoaded:false EditorBounds:IsValid=true, Min=(X=-1.000 Y=-1.000 Z=-1.000), Max=(X=1.000 Y=1.000 Z=690.000) RuntimeBounds:IsValid=true, Min=(X=0.000 Y=0.000 Z=690.000), Max=(X=0.000 Y=0.000 Z=690.000) RuntimeGrid:None EditorOnly:false RuntimeOnly:false HLODRelevant:false ListedInSceneOutliner:true IsMainWorldOnly:false FolderPath:Lighting FolderGuid:963EC3EB4002CCE9759E2EBA541A873A
 |   |   |- [+] [  3]
 |   |   |   |- Guid:316CF2A6494ACA4C0E4180A87D36AB8F NativeClass:/Script/Engine.ExponentialHeightFog Name:ExponentialHeightFog_0 Label:ExponentialHeightFog SpatiallyLoaded:false EditorBounds:IsValid=true, Min=(X=-5728.000 Y=-178.000 Z=-6978.000), Max=(X=-5472.000 Y=78.000 Z=-6722.000) RuntimeBounds:IsValid=true, Min=(X=-5600.000 Y=-50.000 Z=-6850.000), Max=(X=-5600.000 Y=-50.000 Z=-6850.000) RuntimeGrid:None EditorOnly:false RuntimeOnly:false HLODRelevant:false ListedInSceneOutliner:true IsMainWorldOnly:false FolderPath:Lighting FolderGuid:963EC3EB4002CCE9759E2EBA541A873A
 |   |   |- [+] [  4]
 |   |   |   |- Guid:3A00AA1C422CE54C0BDB60BAF471BFBB NativeClass:/Script/Engine.PlayerStart Name:PlayerStart_0 Label:PlayerStart SpatiallyLoaded:false EditorBounds:IsValid=true, Min=(X=682.000 Y=407.000 Z=64.013), Max=(X=1050.000 Y=663.000 Z=320.013) RuntimeBounds:IsValid=true, Min=(X=770.000 Y=495.000 Z=100.013), Max=(X=850.000 Y=575.000 Z=284.013) RuntimeGrid:None EditorOnly:false RuntimeOnly:false HLODRelevant:false ListedInSceneOutliner:true IsMainWorldOnly:false
 |   |   |- [+] [  5]
 |   |   |   |- Guid:4D3BE93F4146AAAC8BBE79999D96D57F NativeClass:/Script/Engine.VolumetricCloud Name:VolumetricCloud_0 Label:VolumetricCloud SpatiallyLoaded:false EditorBounds:IsValid=true, Min=(X=-128.000 Y=-128.000 Z=692.000), Max=(X=128.000 Y=128.000 Z=948.000) RuntimeBounds:IsValid=true, Min=(X=0.000 Y=0.000 Z=820.000), Max=(X=0.000 Y=0.000 Z=820.000) RuntimeGrid:None EditorOnly:false RuntimeOnly:false HLODRelevant:false ListedInSceneOutliner:true IsMainWorldOnly:false FolderPath:Lighting FolderGuid:963EC3EB4002CCE9759E2EBA541A873A
 |   |   |- [+] [  6]
 |   |   |   |- Guid:4FD38CCA40FAB5C2A6FC3E88516E6732 NativeClass:/Script/Engine.StaticMeshActor Name:StaticMeshActor_UAID_2C58B90D065983C202_1245852416 Label:SM_Bridge SpatiallyLoaded:true EditorBounds:IsValid=true, Min=(X=1267.626 Y=508.294 Z=56.619), Max=(X=1752.374 Y=640.040 Z=134.316) RuntimeBounds:IsValid=true, Min=(X=1267.626 Y=508.294 Z=56.619), Max=(X=1752.374 Y=640.040 Z=134.316) RuntimeGrid:None EditorOnly:false RuntimeOnly:false HLODRelevant:true ListedInSceneOutliner:true IsMainWorldOnly:false
 |   |   |- [+] [  7]
 |   |   |   |- Guid:6BAF4DDD444C60371492D3919DB42C97 NativeClass:/Script/Engine.WorldDataLayers Name:WorldDataLayers Label:WorldDataLayers SpatiallyLoaded:false EditorBounds:IsValid=false, Min=(X=0.000 Y=0.000 Z=0.000), Max=(X=0.000 Y=0.000 Z=0.000) RuntimeBounds:IsValid=false, Min=(X=0.000 Y=0.000 Z=0.000), Max=(X=0.000 Y=0.000 Z=0.000) RuntimeGrid:None EditorOnly:false RuntimeOnly:false HLODRelevant:false ListedInSceneOutliner:true IsMainWorldOnly:true
 |   |   |- [+] [  8]
 |   |   |   |- Guid:A9782D14406E451EA187B1890B615FF6 BaseClass:/Game/Blueprints/BP_Goal.BP_Goal_C NativeClass:/Script/Engine.Actor Name:BP_Goal_C_UAID_04421A22D216F3C002_1290680015 Label:BP_Goal SpatiallyLoaded:true EditorBounds:IsValid=true, Min=(X=1940.000 Y=1050.000 Z=0.000), Max=(X=2040.000 Y=1150.000 Z=100.000) RuntimeBounds:IsValid=true, Min=(X=1940.000 Y=1050.000 Z=0.000), Max=(X=2040.000 Y=1150.000 Z=100.000) RuntimeGrid:None EditorOnly:false RuntimeOnly:false HLODRelevant:false ListedInSceneOutliner:true IsMainWorldOnly:false
 |   |   |- [+] [  9]
 |   |   |   |- Guid:B785ED2844B84CFB91E7F39FE661CD99 NativeClass:/Script/Engine.DirectionalLight Name:DirectionalLight_0 Label:DirectionalLight SpatiallyLoaded:false EditorBounds:IsValid=false, Min=(X=0.000 Y=0.000 Z=0.000), Max=(X=0.000 Y=0.000 Z=0.000) RuntimeBounds:IsValid=false, Min=(X=0.000 Y=0.000 Z=0.000), Max=(X=0.000 Y=0.000 Z=0.000) RuntimeGrid:None EditorOnly:false RuntimeOnly:false HLODRelevant:false ListedInSceneOutliner:true IsMainWorldOnly:false FolderPath:Lighting FolderGuid:963EC3EB4002CCE9759E2EBA541A873A
 |   |   |- [+] [ 10]
 |   |   |   |- Guid:B8ED7CCE405FDD3DD7716390D65DC686 NativeClass:/Script/Engine.StaticMeshActor Name:StaticMeshActor_UAID_2C58B90D06598AC202_1356231655 Label:Cube_003 SpatiallyLoaded:true EditorBounds:IsValid=true, Min=(X=1385.002 Y=1631.899 Z=-90.535), Max=(X=1885.002 Y=2113.608 Z=67.169) RuntimeBounds:IsValid=true, Min=(X=1385.002 Y=1631.899 Z=-90.535), Max=(X=1885.002 Y=2113.608 Z=67.169) RuntimeGrid:None EditorOnly:false RuntimeOnly:false HLODRelevant:true ListedInSceneOutliner:true IsMainWorldOnly:false
 |   |   |- [+] [ 11]
 |   |   |   |- Guid:CCF8F395421F54133BAD0DAF1D3ADEBD NativeClass:/Script/Engine.StaticMeshActor Name:StaticMeshActor_UAID_2C58B90D065987C202_1814643123 Label:GolfLine2 SpatiallyLoaded:true EditorBounds:IsValid=true, Min=(X=1745.000 Y=424.900 Z=-33.418), Max=(X=2245.000 Y=724.900 Z=124.285) RuntimeBounds:IsValid=true, Min=(X=1745.000 Y=424.900 Z=-33.418), Max=(X=2245.000 Y=724.900 Z=124.285) RuntimeGrid:None EditorOnly:false RuntimeOnly:false HLODRelevant:true ListedInSceneOutliner:true IsMainWorldOnly:false
 |   |   |- [+] [ 12]
 |   |   |   |- Guid:CCFF262C46EEFFDF319E7F9539CE697E NativeClass:/Script/Engine.SkyAtmosphere Name:SkyAtmosphere_0 Label:SkyAtmosphere SpatiallyLoaded:false EditorBounds:IsValid=true, Min=(X=-128.000 Y=-128.000 Z=892.000), Max=(X=240.000 Y=128.000 Z=1148.000) RuntimeBounds:IsValid=true, Min=(X=0.000 Y=0.000 Z=1020.000), Max=(X=0.000 Y=0.000 Z=1020.000) RuntimeGrid:None EditorOnly:false RuntimeOnly:false HLODRelevant:false ListedInSceneOutliner:true IsMainWorldOnly:false FolderPath:Lighting FolderGuid:963EC3EB4002CCE9759E2EBA541A873A
 |   |   |- [+] [ 13]
 |   |   |   |- Guid:DAB42014410D3F188BED1D8384AB74DD NativeClass:/Script/Engine.StaticMeshActor Name:StaticMeshActor_UAID_2C58B90D06598AC202_1437196660 Label:Cube_005 SpatiallyLoaded:true EditorBounds:IsValid=true, Min=(X=471.707 Y=1169.324 Z=-90.069), Max=(X=926.305 Y=1740.676 Z=67.635) RuntimeBounds:IsValid=true, Min=(X=471.707 Y=1169.324 Z=-90.069), Max=(X=926.305 Y=1740.676 Z=67.635) RuntimeGrid:None EditorOnly:false RuntimeOnly:false HLODRelevant:true ListedInSceneOutliner:true IsMainWorldOnly:false
 |   |   |- [+] [ 14]
 |   |   |   |- Guid:DBE20DA8494A2FD8AE52B0924B3EDCEE NativeClass:/Script/Engine.StaticMeshActor Name:StaticMeshActor_UAID_2C58B90D06598AC202_1417389658 Label:Cube_001 SpatiallyLoaded:true EditorBounds:IsValid=true, Min=(X=1090.000 Y=763.480 Z=-40.535), Max=(X=1590.000 Y=1253.580 Z=117.169) RuntimeBounds:IsValid=true, Min=(X=1090.000 Y=763.480 Z=-40.535), Max=(X=1590.000 Y=1253.580 Z=117.169) RuntimeGrid:None EditorOnly:false RuntimeOnly:false HLODRelevant:true ListedInSceneOutliner:true IsMainWorldOnly:false
 |   |   |- [+] [ 15]
 |   |   |   |- Guid:E643FC594DECBDAF03F285A410E3D58B BaseClass:/Game/Player/BP_MovingCamera.BP_MovingCamera_C NativeClass:/Script/Engine.Actor Name:BP_MovingCamera_C_UAID_2C58B90D0659A5C002_1109503289 Label:BP_MovingCamera SpatiallyLoaded:true EditorBounds:IsValid=true, Min=(X=40.000 Y=-170.400 Z=380.000), Max=(X=2060.000 Y=1849.600 Z=2400.000) RuntimeBounds:IsValid=true, Min=(X=1050.000 Y=839.600 Z=1390.000), Max=(X=1050.000 Y=839.600 Z=1390.000) RuntimeGrid:None EditorOnly:false RuntimeOnly:false HLODRelevant:false ListedInSceneOutliner:true IsMainWorldOnly:false
 |   |   |- [+] [ 16]
 |   |   |   |- Guid:EC4E0C944CE6AC6E784BC6BB2916EA13 NativeClass:/Script/Engine.StaticMeshActor Name:StaticMeshActor_UAID_A4AE111137DC5EFB00_1110535423 Label:SM_SkySphere SpatiallyLoaded:false EditorBounds:IsValid=true, Min=(X=-1638400.000 Y=-1638400.000 Z=-1638400.000), Max=(X=1638400.000 Y=1638400.000 Z=1638400.000) RuntimeBounds:IsValid=true, Min=(X=-1638400.000 Y=-1638400.000 Z=-1638400.000), Max=(X=1638400.000 Y=1638400.000 Z=1638400.000) RuntimeGrid:None EditorOnly:false RuntimeOnly:false HLODRelevant:false ListedInSceneOutliner:true IsMainWorldOnly:false FolderPath:Lighting FolderGuid:963EC3EB4002CCE9759E2EBA541A873A
 |   |   |- [+] [ 17]
 |   |   |   |- Guid:F1924B8D48954B30891B2DB6A694F9CC NativeClass:/Script/Engine.StaticMeshActor Name:StaticMeshActor_1 Label:SM_Cube SpatiallyLoaded:true EditorBounds:IsValid=true, Min=(X=0.000 Y=0.000 Z=-50.000), Max=(X=3600.000 Y=2400.000 Z=0.000) RuntimeBounds:IsValid=true, Min=(X=0.000 Y=0.000 Z=-50.000), Max=(X=3600.000 Y=2400.000 Z=0.000) RuntimeGrid:None EditorOnly:false RuntimeOnly:false HLODRelevant:true ListedInSceneOutliner:true IsMainWorldOnly:false FolderPath:Playground FolderGuid:C73F09FC4215536B1DCE2A9E0A830C70
 |   |   |- [+] [ 18]
 |   |   |   |- Guid:F3413B1B4528A212B0B29894445346F3 NativeClass:/Script/Engine.StaticMeshActor Name:StaticMeshActor_UAID_2C58B90D06598AC202_1337954654 Label:Cube_004 SpatiallyLoaded:true EditorBounds:IsValid=true, Min=(X=780.002 Y=310.950 Z=-90.535), Max=(X=1280.002 Y=899.050 Z=67.169) RuntimeBounds:IsValid=true, Min=(X=780.002 Y=310.950 Z=-90.535), Max=(X=1280.002 Y=899.050 Z=67.169) RuntimeGrid:None EditorOnly:false RuntimeOnly:false HLODRelevant:true ListedInSceneOutliner:true IsMainWorldOnly:false
 |   |   |- [+] [ 19]
 |   |   |   |- Guid:F4EA99C543FB97FAEEF66AB9C54B6449 NativeClass:/Script/Engine.StaticMeshActor Name:StaticMeshActor_UAID_2C58B90D06598AC202_1360963656 Label:GolfLine3 SpatiallyLoaded:true EditorBounds:IsValid=true, Min=(X=1010.000 Y=1150.000 Z=-63.418), Max=(X=1510.000 Y=1450.000 Z=94.285) RuntimeBounds:IsValid=true, Min=(X=1010.000 Y=1150.000 Z=-63.418), Max=(X=1510.000 Y=1450.000 Z=94.285) RuntimeGrid:None EditorOnly:false RuntimeOnly:false HLODRelevant:true ListedInSceneOutliner:true IsMainWorldOnly:false
 |   |   |- [+] [ 20]
 |   |   |   |- Guid:F5E3FEB3450C49844FD93DA8E083C8AD NativeClass:/Script/Engine.PostProcessVolume Name:PostProcessVolume_0 Label:PostProcessVolume SpatiallyLoaded:false EditorBounds:IsValid=true, Min=(X=0.000 Y=0.000 Z=400.000), Max=(X=200.000 Y=200.000 Z=600.000) RuntimeBounds:IsValid=true, Min=(X=0.000 Y=0.000 Z=400.000), Max=(X=200.000 Y=200.000 Z=600.000) RuntimeGrid:None EditorOnly:false RuntimeOnly:false HLODRelevant:false ListedInSceneOutliner:true IsMainWorldOnly:false FolderPath:Lighting FolderGuid:963EC3EB4002CCE9759E2EBA541A873A
 |- ContainerInstances:
 |- [+] MainContainer:
 |   |-        ID: 00000000000000000000000000000000
 |   |-  ParentID: 00000000000000000000000000000000
 |   |-    Bounds: IsValid=false, Min=(X=0.000 Y=0.000 Z=0.000), Max=(X=0.000 Y=0.000 Z=0.000)
 |   |- Transform: 0.000000,0.000000,0.000000|0.000000,0.000000,-0.000000|1.000000,1.000000,1.000000
 |   |- Container: /Game/ThirdPerson/Maps/L_Level1
----------------------------------------------------------------------------------------------------------------
L_Level1 - Persistent Level
----------------------------------------------------------------------------------------------------------------
[+] Content of L_Level1 Persistent Level
 |- Always loaded Actor Count: 21 
 |- Actor Path: /Game/ThirdPerson/Maps/L_Level1.L_Level1:PersistentLevel.BP_Goal_C_UAID_04421A22D216F3C002_1290680015
 |- Actor Package: /Game/__ExternalActors__/ThirdPerson/Maps/L_Level1/8/TX/EX7EHD21B34HL7ZISK78AF
 |- Actor Path: /Game/ThirdPerson/Maps/L_Level1.L_Level1:PersistentLevel.BP_MovingCamera_C_UAID_2C58B90D0659A5C002_1109503289
 |- Actor Package: /Game/__ExternalActors__/ThirdPerson/Maps/L_Level1/5/W3/PDK928461PA087PPQ5AQIC
 |- Actor Path: /Game/ThirdPerson/Maps/L_Level1.L_Level1:PersistentLevel.DirectionalLight_0
 |- Actor Package: /Game/__ExternalActors__/ThirdPerson/Maps/L_Level1/9/9D/7ZQ26MGHWZ5LK260ZD5Y9A
 |- Actor Path: /Game/ThirdPerson/Maps/L_Level1.L_Level1:PersistentLevel.ExponentialHeightFog_0
 |- Actor Package: /Game/__ExternalActors__/ThirdPerson/Maps/L_Level1/8/W8/QIMDVXFSPNAD3YZP3GQE3C
 |- Actor Path: /Game/ThirdPerson/Maps/L_Level1.L_Level1:PersistentLevel.PlayerStart_0
 |- Actor Package: /Game/__ExternalActors__/ThirdPerson/Maps/L_Level1/4/HV/1MYRRC54EAIE8424CEITGS
 |- Actor Path: /Game/ThirdPerson/Maps/L_Level1.L_Level1:PersistentLevel.PostProcessVolume_0
 |- Actor Package: /Game/__ExternalActors__/ThirdPerson/Maps/L_Level1/9/8N/P0JQ5504GMF2JCFX6WN2RY
 |- Actor Path: /Game/ThirdPerson/Maps/L_Level1.L_Level1:PersistentLevel.SkyAtmosphere_0
 |- Actor Package: /Game/__ExternalActors__/ThirdPerson/Maps/L_Level1/6/CX/G5C13VEKPB1ZD5GXA83PL7
 |- Actor Path: /Game/ThirdPerson/Maps/L_Level1.L_Level1:PersistentLevel.SkyLight_1
 |- Actor Package: /Game/__ExternalActors__/ThirdPerson/Maps/L_Level1/A/CH/1L7KFM1GW5K1TAS9E05UFA
 |- Actor Path: /Game/ThirdPerson/Maps/L_Level1.L_Level1:PersistentLevel.StaticMeshActor_1
 |- Actor Package: /Game/__ExternalActors__/ThirdPerson/Maps/L_Level1/0/XD/BTTQRKJFS5MOD8OXQIFPGY
 |- Actor Path: /Game/ThirdPerson/Maps/L_Level1.L_Level1:PersistentLevel.StaticMeshActor_UAID_2C58B90D065983C202_1245852416
 |- Actor Package: /Game/__ExternalActors__/ThirdPerson/Maps/L_Level1/A/S7/89EQRK3HZE0YROZ9Q1HNPP
 |- Actor Path: /Game/ThirdPerson/Maps/L_Level1.L_Level1:PersistentLevel.StaticMeshActor_UAID_2C58B90D065987C202_1814643123
 |- Actor Package: /Game/__ExternalActors__/ThirdPerson/Maps/L_Level1/D/9K/02C2NHQB9J6EAC0YKUO8YZ
 |- Actor Path: /Game/ThirdPerson/Maps/L_Level1.L_Level1:PersistentLevel.StaticMeshActor_UAID_2C58B90D06598AC202_1337954654
 |- Actor Package: /Game/__ExternalActors__/ThirdPerson/Maps/L_Level1/3/LW/4O24KK4YQ8M4Q325RJCH72
 |- Actor Path: /Game/ThirdPerson/Maps/L_Level1.L_Level1:PersistentLevel.StaticMeshActor_UAID_2C58B90D06598AC202_1356231655
 |- Actor Package: /Game/__ExternalActors__/ThirdPerson/Maps/L_Level1/3/18/46AE303DI7YHF722OS58K8
 |- Actor Path: /Game/ThirdPerson/Maps/L_Level1.L_Level1:PersistentLevel.StaticMeshActor_UAID_2C58B90D06598AC202_1360963656
 |- Actor Package: /Game/__ExternalActors__/ThirdPerson/Maps/L_Level1/3/8F/Z2GLK02WGIJWHCNRWT4W60
 |- Actor Path: /Game/ThirdPerson/Maps/L_Level1.L_Level1:PersistentLevel.StaticMeshActor_UAID_2C58B90D06598AC202_1408830657
 |- Actor Package: /Game/__ExternalActors__/ThirdPerson/Maps/L_Level1/4/JF/RPR4Y4C1020F0P1BX6C1KJ
 |- Actor Path: /Game/ThirdPerson/Maps/L_Level1.L_Level1:PersistentLevel.StaticMeshActor_UAID_2C58B90D06598AC202_1417389658
 |- Actor Package: /Game/__ExternalActors__/ThirdPerson/Maps/L_Level1/7/42/AFPQC190IMTY32H55NFM7U
 |- Actor Path: /Game/ThirdPerson/Maps/L_Level1.L_Level1:PersistentLevel.StaticMeshActor_UAID_2C58B90D06598AC202_1425768659
 |- Actor Package: /Game/__ExternalActors__/ThirdPerson/Maps/L_Level1/8/79/YOQR0TTK2S0NB5862KOPK5
 |- Actor Path: /Game/ThirdPerson/Maps/L_Level1.L_Level1:PersistentLevel.StaticMeshActor_UAID_2C58B90D06598AC202_1437196660
 |- Actor Package: /Game/__ExternalActors__/ThirdPerson/Maps/L_Level1/B/RK/KYWKCATO07U50FZC4WR2JJ
 |- Actor Path: /Game/ThirdPerson/Maps/L_Level1.L_Level1:PersistentLevel.StaticMeshActor_UAID_A4AE111137DC5EFB00_1110535423
 |- Actor Package: /Game/__ExternalActors__/ThirdPerson/Maps/L_Level1/E/RJ/K2W2TEVXA6QT9O24JYMCJF
 |- Actor Path: /Game/ThirdPerson/Maps/L_Level1.L_Level1:PersistentLevel.VolumetricCloud_0
 |- Actor Package: /Game/__ExternalActors__/ThirdPerson/Maps/L_Level1/3/Y9/922CKEV3013LZRV58AB083
 |- Actor Path: /Game/ThirdPerson/Maps/L_Level1.L_Level1:PersistentLevel.WorldDataLayers
 |- Actor Package: /Game/__ExternalActors__/ThirdPerson/Maps/L_Level1/7/I3/7MKG5SQQLQ7CFW4S2UW0C3

----------------------------------------------------------------------------------------------------------------
L_Level1 - Runtime Hash Set
----------------------------------------------------------------------------------------------------------------

