[+] Containers:
 |- [+] Container: /Game/ThirdPerson/Maps/L_Level1
 |   |- [+] ActorDescs:
 |   |   |- Guid:2FB58999456391D349DC0F86DAC136ED NativeClass:/Script/Engine.SkyLight Name:SkyLight_1 Label:SkyLight SpatiallyLoaded:false EditorBounds:IsValid=true, Min=(X=-1.000 Y=-1.000 Z=-1.000), Max=(X=1.000 Y=1.000 Z=690.000) RuntimeBounds:IsValid=true, Min=(X=0.000 Y=0.000 Z=690.000), Max=(X=0.000 Y=0.000 Z=690.000) RuntimeGrid:None EditorOnly:false RuntimeOnly:false HLODRelevant:false ListedInSceneOutliner:true IsMainWorldOnly:false FolderPath:Lighting FolderGuid:963EC3EB4002CCE9759E2EBA541A873A
 |   |   |- Guid:316CF2A6494ACA4C0E4180A87D36AB8F NativeClass:/Script/Engine.ExponentialHeightFog Name:ExponentialHeightFog_0 Label:ExponentialHeightFog SpatiallyLoaded:false EditorBounds:IsValid=true, Min=(X=-5728.000 Y=-178.000 Z=-6978.000), Max=(X=-5472.000 Y=78.000 Z=-6722.000) RuntimeBounds:IsValid=true, Min=(X=-5600.000 Y=-50.000 Z=-6850.000), Max=(X=-5600.000 Y=-50.000 Z=-6850.000) RuntimeGrid:None EditorOnly:false RuntimeOnly:false HLODRelevant:false ListedInSceneOutliner:true IsMainWorldOnly:false FolderPath:Lighting FolderGuid:963EC3EB4002CCE9759E2EBA541A873A
 |   |   |- Guid:3A00AA1C422CE54C0BDB60BAF471BFBB NativeClass:/Script/Engine.PlayerStart Name:PlayerStart_0 Label:PlayerStart SpatiallyLoaded:false EditorBounds:IsValid=true, Min=(X=682.000 Y=407.000 Z=64.013), Max=(X=1050.000 Y=663.000 Z=320.013) RuntimeBounds:IsValid=true, Min=(X=770.000 Y=495.000 Z=100.013), Max=(X=850.000 Y=575.000 Z=284.013) RuntimeGrid:None EditorOnly:false RuntimeOnly:false HLODRelevant:false ListedInSceneOutliner:true IsMainWorldOnly:false
 |   |   |- Guid:4D3BE93F4146AAAC8BBE79999D96D57F NativeClass:/Script/Engine.VolumetricCloud Name:VolumetricCloud_0 Label:VolumetricCloud SpatiallyLoaded:false EditorBounds:IsValid=true, Min=(X=-128.000 Y=-128.000 Z=692.000), Max=(X=128.000 Y=128.000 Z=948.000) RuntimeBounds:IsValid=true, Min=(X=0.000 Y=0.000 Z=820.000), Max=(X=0.000 Y=0.000 Z=820.000) RuntimeGrid:None EditorOnly:false RuntimeOnly:false HLODRelevant:false ListedInSceneOutliner:true IsMainWorldOnly:false FolderPath:Lighting FolderGuid:963EC3EB4002CCE9759E2EBA541A873A
 |   |   |- Guid:4FD38CCA40FAB5C2A6FC3E88516E6732 NativeClass:/Script/Engine.StaticMeshActor Name:StaticMeshActor_UAID_2C58B90D065983C202_1245852416 Label:SM_Bridge SpatiallyLoaded:true EditorBounds:IsValid=true, Min=(X=1260.030 Y=481.474 Z=47.307), Max=(X=1939.970 Y=666.270 Z=156.291) RuntimeBounds:IsValid=true, Min=(X=1260.030 Y=481.474 Z=47.307), Max=(X=1939.970 Y=666.270 Z=156.291) RuntimeGrid:None EditorOnly:false RuntimeOnly:false HLODRelevant:true ListedInSceneOutliner:true IsMainWorldOnly:false
 |   |   |- Guid:6BAF4DDD444C60371492D3919DB42C97 NativeClass:/Script/Engine.WorldDataLayers Name:WorldDataLayers Label:WorldDataLayers SpatiallyLoaded:false EditorBounds:IsValid=false, Min=(X=0.000 Y=0.000 Z=0.000), Max=(X=0.000 Y=0.000 Z=0.000) RuntimeBounds:IsValid=false, Min=(X=0.000 Y=0.000 Z=0.000), Max=(X=0.000 Y=0.000 Z=0.000) RuntimeGrid:None EditorOnly:false RuntimeOnly:false HLODRelevant:false ListedInSceneOutliner:true IsMainWorldOnly:true
 |   |   |- Guid:7C87099045C239944DB621A14C56B7E4 NativeClass:/Script/Engine.StaticMeshActor Name:StaticMeshActor_UAID_2C58B90D065987C202_1758966122 Label:GolfLine SpatiallyLoaded:true EditorBounds:IsValid=true, Min=(X=775.000 Y=424.900 Z=-33.418), Max=(X=1275.000 Y=724.900 Z=124.285) RuntimeBounds:IsValid=true, Min=(X=775.000 Y=424.900 Z=-33.418), Max=(X=1275.000 Y=724.900 Z=124.285) RuntimeGrid:None EditorOnly:false RuntimeOnly:false HLODRelevant:true ListedInSceneOutliner:true IsMainWorldOnly:false
 |   |   |- Guid:A9782D14406E451EA187B1890B615FF6 BaseClass:/Game/Blueprints/BP_Goal.BP_Goal_C NativeClass:/Script/Engine.Actor Name:BP_Goal_C_UAID_04421A22D216F3C002_1290680015 Label:BP_Goal SpatiallyLoaded:true EditorBounds:IsValid=true, Min=(X=1940.000 Y=1050.000 Z=0.000), Max=(X=2040.000 Y=1150.000 Z=100.000) RuntimeBounds:IsValid=true, Min=(X=1940.000 Y=1050.000 Z=0.000), Max=(X=2040.000 Y=1150.000 Z=100.000) RuntimeGrid:None EditorOnly:false RuntimeOnly:false HLODRelevant:false ListedInSceneOutliner:true IsMainWorldOnly:false
 |   |   |- Guid:B785ED2844B84CFB91E7F39FE661CD99 NativeClass:/Script/Engine.DirectionalLight Name:DirectionalLight_0 Label:DirectionalLight SpatiallyLoaded:false EditorBounds:IsValid=false, Min=(X=0.000 Y=0.000 Z=0.000), Max=(X=0.000 Y=0.000 Z=0.000) RuntimeBounds:IsValid=false, Min=(X=0.000 Y=0.000 Z=0.000), Max=(X=0.000 Y=0.000 Z=0.000) RuntimeGrid:None EditorOnly:false RuntimeOnly:false HLODRelevant:false ListedInSceneOutliner:true IsMainWorldOnly:false FolderPath:Lighting FolderGuid:963EC3EB4002CCE9759E2EBA541A873A
 |   |   |- Guid:CCF8F395421F54133BAD0DAF1D3ADEBD NativeClass:/Script/Engine.StaticMeshActor Name:StaticMeshActor_UAID_2C58B90D065987C202_1814643123 Label:GolfLine2 SpatiallyLoaded:true EditorBounds:IsValid=true, Min=(X=1925.000 Y=424.900 Z=-33.418), Max=(X=2425.000 Y=724.900 Z=124.285) RuntimeBounds:IsValid=true, Min=(X=1925.000 Y=424.900 Z=-33.418), Max=(X=2425.000 Y=724.900 Z=124.285) RuntimeGrid:None EditorOnly:false RuntimeOnly:false HLODRelevant:true ListedInSceneOutliner:true IsMainWorldOnly:false
 |   |   |- Guid:CCFF262C46EEFFDF319E7F9539CE697E NativeClass:/Script/Engine.SkyAtmosphere Name:SkyAtmosphere_0 Label:SkyAtmosphere SpatiallyLoaded:false EditorBounds:IsValid=true, Min=(X=-128.000 Y=-128.000 Z=892.000), Max=(X=240.000 Y=128.000 Z=1148.000) RuntimeBounds:IsValid=true, Min=(X=0.000 Y=0.000 Z=1020.000), Max=(X=0.000 Y=0.000 Z=1020.000) RuntimeGrid:None EditorOnly:false RuntimeOnly:false HLODRelevant:false ListedInSceneOutliner:true IsMainWorldOnly:false FolderPath:Lighting FolderGuid:963EC3EB4002CCE9759E2EBA541A873A
 |   |   |- Guid:D2BAF9C7420EB150C3167FB90F437E9D NativeClass:/Script/Engine.StaticMeshActor Name:StaticMeshActor_UAID_2C58B90D065985C202_1555585769 Label:SM_Bridge SpatiallyLoaded:true EditorBounds:IsValid=true, Min=(X=1256.826 Y=481.519 Z=40.376), Max=(X=1951.735 Y=670.383 Z=151.759) RuntimeBounds:IsValid=true, Min=(X=1256.826 Y=481.519 Z=40.376), Max=(X=1951.735 Y=670.383 Z=151.759) RuntimeGrid:None EditorOnly:false RuntimeOnly:false HLODRelevant:true ListedInSceneOutliner:true IsMainWorldOnly:false
 |   |   |- Guid:E643FC594DECBDAF03F285A410E3D58B BaseClass:/Game/Player/BP_MovingCamera.BP_MovingCamera_C NativeClass:/Script/Engine.Actor Name:BP_MovingCamera_C_UAID_2C58B90D0659A5C002_1109503289 Label:BP_MovingCamera SpatiallyLoaded:true EditorBounds:IsValid=true, Min=(X=40.000 Y=-170.400 Z=380.000), Max=(X=2060.000 Y=1849.600 Z=2400.000) RuntimeBounds:IsValid=true, Min=(X=1050.000 Y=839.600 Z=1390.000), Max=(X=1050.000 Y=839.600 Z=1390.000) RuntimeGrid:None EditorOnly:false RuntimeOnly:false HLODRelevant:false ListedInSceneOutliner:true IsMainWorldOnly:false
 |   |   |- Guid:EC4E0C944CE6AC6E784BC6BB2916EA13 NativeClass:/Script/Engine.StaticMeshActor Name:StaticMeshActor_UAID_A4AE111137DC5EFB00_1110535423 Label:SM_SkySphere SpatiallyLoaded:false EditorBounds:IsValid=true, Min=(X=-1638400.000 Y=-1638400.000 Z=-1638400.000), Max=(X=1638400.000 Y=1638400.000 Z=1638400.000) RuntimeBounds:IsValid=true, Min=(X=-1638400.000 Y=-1638400.000 Z=-1638400.000), Max=(X=1638400.000 Y=1638400.000 Z=1638400.000) RuntimeGrid:None EditorOnly:false RuntimeOnly:false HLODRelevant:false ListedInSceneOutliner:true IsMainWorldOnly:false FolderPath:Lighting FolderGuid:963EC3EB4002CCE9759E2EBA541A873A
 |   |   |- Guid:F1924B8D48954B30891B2DB6A694F9CC NativeClass:/Script/Engine.StaticMeshActor Name:StaticMeshActor_1 Label:SM_Cube SpatiallyLoaded:true EditorBounds:IsValid=true, Min=(X=0.000 Y=0.000 Z=-50.000), Max=(X=3000.000 Y=3500.000 Z=0.000) RuntimeBounds:IsValid=true, Min=(X=0.000 Y=0.000 Z=-50.000), Max=(X=3000.000 Y=3500.000 Z=0.000) RuntimeGrid:None EditorOnly:false RuntimeOnly:false HLODRelevant:true ListedInSceneOutliner:true IsMainWorldOnly:false FolderPath:Playground FolderGuid:C73F09FC4215536B1DCE2A9E0A830C70
 |   |   |- Guid:F5E3FEB3450C49844FD93DA8E083C8AD NativeClass:/Script/Engine.PostProcessVolume Name:PostProcessVolume_0 Label:PostProcessVolume SpatiallyLoaded:false EditorBounds:IsValid=true, Min=(X=0.000 Y=0.000 Z=400.000), Max=(X=200.000 Y=200.000 Z=600.000) RuntimeBounds:IsValid=true, Min=(X=0.000 Y=0.000 Z=400.000), Max=(X=200.000 Y=200.000 Z=600.000) RuntimeGrid:None EditorOnly:false RuntimeOnly:false HLODRelevant:false ListedInSceneOutliner:true IsMainWorldOnly:false FolderPath:Lighting FolderGuid:963EC3EB4002CCE9759E2EBA541A873A
 |   |- [+] Clusters:
 |   |   |- [+] [  0]
 |   |   |   |- Guid:2FB58999456391D349DC0F86DAC136ED NativeClass:/Script/Engine.SkyLight Name:SkyLight_1 Label:SkyLight SpatiallyLoaded:false EditorBounds:IsValid=true, Min=(X=-1.000 Y=-1.000 Z=-1.000), Max=(X=1.000 Y=1.000 Z=690.000) RuntimeBounds:IsValid=true, Min=(X=0.000 Y=0.000 Z=690.000), Max=(X=0.000 Y=0.000 Z=690.000) RuntimeGrid:None EditorOnly:false RuntimeOnly:false HLODRelevant:false ListedInSceneOutliner:true IsMainWorldOnly:false FolderPath:Lighting FolderGuid:963EC3EB4002CCE9759E2EBA541A873A
 |   |   |- [+] [  1]
 |   |   |   |- Guid:316CF2A6494ACA4C0E4180A87D36AB8F NativeClass:/Script/Engine.ExponentialHeightFog Name:ExponentialHeightFog_0 Label:ExponentialHeightFog SpatiallyLoaded:false EditorBounds:IsValid=true, Min=(X=-5728.000 Y=-178.000 Z=-6978.000), Max=(X=-5472.000 Y=78.000 Z=-6722.000) RuntimeBounds:IsValid=true, Min=(X=-5600.000 Y=-50.000 Z=-6850.000), Max=(X=-5600.000 Y=-50.000 Z=-6850.000) RuntimeGrid:None EditorOnly:false RuntimeOnly:false HLODRelevant:false ListedInSceneOutliner:true IsMainWorldOnly:false FolderPath:Lighting FolderGuid:963EC3EB4002CCE9759E2EBA541A873A
 |   |   |- [+] [  2]
 |   |   |   |- Guid:3A00AA1C422CE54C0BDB60BAF471BFBB NativeClass:/Script/Engine.PlayerStart Name:PlayerStart_0 Label:PlayerStart SpatiallyLoaded:false EditorBounds:IsValid=true, Min=(X=682.000 Y=407.000 Z=64.013), Max=(X=1050.000 Y=663.000 Z=320.013) RuntimeBounds:IsValid=true, Min=(X=770.000 Y=495.000 Z=100.013), Max=(X=850.000 Y=575.000 Z=284.013) RuntimeGrid:None EditorOnly:false RuntimeOnly:false HLODRelevant:false ListedInSceneOutliner:true IsMainWorldOnly:false
 |   |   |- [+] [  3]
 |   |   |   |- Guid:4D3BE93F4146AAAC8BBE79999D96D57F NativeClass:/Script/Engine.VolumetricCloud Name:VolumetricCloud_0 Label:VolumetricCloud SpatiallyLoaded:false EditorBounds:IsValid=true, Min=(X=-128.000 Y=-128.000 Z=692.000), Max=(X=128.000 Y=128.000 Z=948.000) RuntimeBounds:IsValid=true, Min=(X=0.000 Y=0.000 Z=820.000), Max=(X=0.000 Y=0.000 Z=820.000) RuntimeGrid:None EditorOnly:false RuntimeOnly:false HLODRelevant:false ListedInSceneOutliner:true IsMainWorldOnly:false FolderPath:Lighting FolderGuid:963EC3EB4002CCE9759E2EBA541A873A
 |   |   |- [+] [  4]
 |   |   |   |- Guid:4FD38CCA40FAB5C2A6FC3E88516E6732 NativeClass:/Script/Engine.StaticMeshActor Name:StaticMeshActor_UAID_2C58B90D065983C202_1245852416 Label:SM_Bridge SpatiallyLoaded:true EditorBounds:IsValid=true, Min=(X=1260.030 Y=481.474 Z=47.307), Max=(X=1939.970 Y=666.270 Z=156.291) RuntimeBounds:IsValid=true, Min=(X=1260.030 Y=481.474 Z=47.307), Max=(X=1939.970 Y=666.270 Z=156.291) RuntimeGrid:None EditorOnly:false RuntimeOnly:false HLODRelevant:true ListedInSceneOutliner:true IsMainWorldOnly:false
 |   |   |- [+] [  5]
 |   |   |   |- Guid:6BAF4DDD444C60371492D3919DB42C97 NativeClass:/Script/Engine.WorldDataLayers Name:WorldDataLayers Label:WorldDataLayers SpatiallyLoaded:false EditorBounds:IsValid=false, Min=(X=0.000 Y=0.000 Z=0.000), Max=(X=0.000 Y=0.000 Z=0.000) RuntimeBounds:IsValid=false, Min=(X=0.000 Y=0.000 Z=0.000), Max=(X=0.000 Y=0.000 Z=0.000) RuntimeGrid:None EditorOnly:false RuntimeOnly:false HLODRelevant:false ListedInSceneOutliner:true IsMainWorldOnly:true
 |   |   |- [+] [  6]
 |   |   |   |- Guid:7C87099045C239944DB621A14C56B7E4 NativeClass:/Script/Engine.StaticMeshActor Name:StaticMeshActor_UAID_2C58B90D065987C202_1758966122 Label:GolfLine SpatiallyLoaded:true EditorBounds:IsValid=true, Min=(X=775.000 Y=424.900 Z=-33.418), Max=(X=1275.000 Y=724.900 Z=124.285) RuntimeBounds:IsValid=true, Min=(X=775.000 Y=424.900 Z=-33.418), Max=(X=1275.000 Y=724.900 Z=124.285) RuntimeGrid:None EditorOnly:false RuntimeOnly:false HLODRelevant:true ListedInSceneOutliner:true IsMainWorldOnly:false
 |   |   |- [+] [  7]
 |   |   |   |- Guid:A9782D14406E451EA187B1890B615FF6 BaseClass:/Game/Blueprints/BP_Goal.BP_Goal_C NativeClass:/Script/Engine.Actor Name:BP_Goal_C_UAID_04421A22D216F3C002_1290680015 Label:BP_Goal SpatiallyLoaded:true EditorBounds:IsValid=true, Min=(X=1940.000 Y=1050.000 Z=0.000), Max=(X=2040.000 Y=1150.000 Z=100.000) RuntimeBounds:IsValid=true, Min=(X=1940.000 Y=1050.000 Z=0.000), Max=(X=2040.000 Y=1150.000 Z=100.000) RuntimeGrid:None EditorOnly:false RuntimeOnly:false HLODRelevant:false ListedInSceneOutliner:true IsMainWorldOnly:false
 |   |   |- [+] [  8]
 |   |   |   |- Guid:B785ED2844B84CFB91E7F39FE661CD99 NativeClass:/Script/Engine.DirectionalLight Name:DirectionalLight_0 Label:DirectionalLight SpatiallyLoaded:false EditorBounds:IsValid=false, Min=(X=0.000 Y=0.000 Z=0.000), Max=(X=0.000 Y=0.000 Z=0.000) RuntimeBounds:IsValid=false, Min=(X=0.000 Y=0.000 Z=0.000), Max=(X=0.000 Y=0.000 Z=0.000) RuntimeGrid:None EditorOnly:false RuntimeOnly:false HLODRelevant:false ListedInSceneOutliner:true IsMainWorldOnly:false FolderPath:Lighting FolderGuid:963EC3EB4002CCE9759E2EBA541A873A
 |   |   |- [+] [  9]
 |   |   |   |- Guid:CCF8F395421F54133BAD0DAF1D3ADEBD NativeClass:/Script/Engine.StaticMeshActor Name:StaticMeshActor_UAID_2C58B90D065987C202_1814643123 Label:GolfLine2 SpatiallyLoaded:true EditorBounds:IsValid=true, Min=(X=1925.000 Y=424.900 Z=-33.418), Max=(X=2425.000 Y=724.900 Z=124.285) RuntimeBounds:IsValid=true, Min=(X=1925.000 Y=424.900 Z=-33.418), Max=(X=2425.000 Y=724.900 Z=124.285) RuntimeGrid:None EditorOnly:false RuntimeOnly:false HLODRelevant:true ListedInSceneOutliner:true IsMainWorldOnly:false
 |   |   |- [+] [ 10]
 |   |   |   |- Guid:CCFF262C46EEFFDF319E7F9539CE697E NativeClass:/Script/Engine.SkyAtmosphere Name:SkyAtmosphere_0 Label:SkyAtmosphere SpatiallyLoaded:false EditorBounds:IsValid=true, Min=(X=-128.000 Y=-128.000 Z=892.000), Max=(X=240.000 Y=128.000 Z=1148.000) RuntimeBounds:IsValid=true, Min=(X=0.000 Y=0.000 Z=1020.000), Max=(X=0.000 Y=0.000 Z=1020.000) RuntimeGrid:None EditorOnly:false RuntimeOnly:false HLODRelevant:false ListedInSceneOutliner:true IsMainWorldOnly:false FolderPath:Lighting FolderGuid:963EC3EB4002CCE9759E2EBA541A873A
 |   |   |- [+] [ 11]
 |   |   |   |- Guid:D2BAF9C7420EB150C3167FB90F437E9D NativeClass:/Script/Engine.StaticMeshActor Name:StaticMeshActor_UAID_2C58B90D065985C202_1555585769 Label:SM_Bridge SpatiallyLoaded:true EditorBounds:IsValid=true, Min=(X=1256.826 Y=481.519 Z=40.376), Max=(X=1951.735 Y=670.383 Z=151.759) RuntimeBounds:IsValid=true, Min=(X=1256.826 Y=481.519 Z=40.376), Max=(X=1951.735 Y=670.383 Z=151.759) RuntimeGrid:None EditorOnly:false RuntimeOnly:false HLODRelevant:true ListedInSceneOutliner:true IsMainWorldOnly:false
 |   |   |- [+] [ 12]
 |   |   |   |- Guid:E643FC594DECBDAF03F285A410E3D58B BaseClass:/Game/Player/BP_MovingCamera.BP_MovingCamera_C NativeClass:/Script/Engine.Actor Name:BP_MovingCamera_C_UAID_2C58B90D0659A5C002_1109503289 Label:BP_MovingCamera SpatiallyLoaded:true EditorBounds:IsValid=true, Min=(X=40.000 Y=-170.400 Z=380.000), Max=(X=2060.000 Y=1849.600 Z=2400.000) RuntimeBounds:IsValid=true, Min=(X=1050.000 Y=839.600 Z=1390.000), Max=(X=1050.000 Y=839.600 Z=1390.000) RuntimeGrid:None EditorOnly:false RuntimeOnly:false HLODRelevant:false ListedInSceneOutliner:true IsMainWorldOnly:false
 |   |   |- [+] [ 13]
 |   |   |   |- Guid:EC4E0C944CE6AC6E784BC6BB2916EA13 NativeClass:/Script/Engine.StaticMeshActor Name:StaticMeshActor_UAID_A4AE111137DC5EFB00_1110535423 Label:SM_SkySphere SpatiallyLoaded:false EditorBounds:IsValid=true, Min=(X=-1638400.000 Y=-1638400.000 Z=-1638400.000), Max=(X=1638400.000 Y=1638400.000 Z=1638400.000) RuntimeBounds:IsValid=true, Min=(X=-1638400.000 Y=-1638400.000 Z=-1638400.000), Max=(X=1638400.000 Y=1638400.000 Z=1638400.000) RuntimeGrid:None EditorOnly:false RuntimeOnly:false HLODRelevant:false ListedInSceneOutliner:true IsMainWorldOnly:false FolderPath:Lighting FolderGuid:963EC3EB4002CCE9759E2EBA541A873A
 |   |   |- [+] [ 14]
 |   |   |   |- Guid:F1924B8D48954B30891B2DB6A694F9CC NativeClass:/Script/Engine.StaticMeshActor Name:StaticMeshActor_1 Label:SM_Cube SpatiallyLoaded:true EditorBounds:IsValid=true, Min=(X=0.000 Y=0.000 Z=-50.000), Max=(X=3000.000 Y=3500.000 Z=0.000) RuntimeBounds:IsValid=true, Min=(X=0.000 Y=0.000 Z=-50.000), Max=(X=3000.000 Y=3500.000 Z=0.000) RuntimeGrid:None EditorOnly:false RuntimeOnly:false HLODRelevant:true ListedInSceneOutliner:true IsMainWorldOnly:false FolderPath:Playground FolderGuid:C73F09FC4215536B1DCE2A9E0A830C70
 |   |   |- [+] [ 15]
 |   |   |   |- Guid:F5E3FEB3450C49844FD93DA8E083C8AD NativeClass:/Script/Engine.PostProcessVolume Name:PostProcessVolume_0 Label:PostProcessVolume SpatiallyLoaded:false EditorBounds:IsValid=true, Min=(X=0.000 Y=0.000 Z=400.000), Max=(X=200.000 Y=200.000 Z=600.000) RuntimeBounds:IsValid=true, Min=(X=0.000 Y=0.000 Z=400.000), Max=(X=200.000 Y=200.000 Z=600.000) RuntimeGrid:None EditorOnly:false RuntimeOnly:false HLODRelevant:false ListedInSceneOutliner:true IsMainWorldOnly:false FolderPath:Lighting FolderGuid:963EC3EB4002CCE9759E2EBA541A873A
 |- ContainerInstances:
 |- [+] MainContainer:
 |   |-        ID: 00000000000000000000000000000000
 |   |-  ParentID: 00000000000000000000000000000000
 |   |-    Bounds: IsValid=false, Min=(X=0.000 Y=0.000 Z=0.000), Max=(X=0.000 Y=0.000 Z=0.000)
 |   |- Transform: 0.000000,0.000000,0.000000|0.000000,0.000000,-0.000000|1.000000,1.000000,1.000000
 |   |- Container: /Game/ThirdPerson/Maps/L_Level1
----------------------------------------------------------------------------------------------------------------
L_Level1 - Persistent Level
----------------------------------------------------------------------------------------------------------------
[+] Content of L_Level1 Persistent Level
 |- Always loaded Actor Count: 16 
 |- Actor Path: /Game/ThirdPerson/Maps/L_Level1.L_Level1:PersistentLevel.BP_Goal_C_UAID_04421A22D216F3C002_1290680015
 |- Actor Package: /Game/__ExternalActors__/ThirdPerson/Maps/L_Level1/8/TX/EX7EHD21B34HL7ZISK78AF
 |- Actor Path: /Game/ThirdPerson/Maps/L_Level1.L_Level1:PersistentLevel.BP_MovingCamera_C_UAID_2C58B90D0659A5C002_1109503289
 |- Actor Package: /Game/__ExternalActors__/ThirdPerson/Maps/L_Level1/5/W3/PDK928461PA087PPQ5AQIC
 |- Actor Path: /Game/ThirdPerson/Maps/L_Level1.L_Level1:PersistentLevel.DirectionalLight_0
 |- Actor Package: /Game/__ExternalActors__/ThirdPerson/Maps/L_Level1/9/9D/7ZQ26MGHWZ5LK260ZD5Y9A
 |- Actor Path: /Game/ThirdPerson/Maps/L_Level1.L_Level1:PersistentLevel.ExponentialHeightFog_0
 |- Actor Package: /Game/__ExternalActors__/ThirdPerson/Maps/L_Level1/8/W8/QIMDVXFSPNAD3YZP3GQE3C
 |- Actor Path: /Game/ThirdPerson/Maps/L_Level1.L_Level1:PersistentLevel.PlayerStart_0
 |- Actor Package: /Game/__ExternalActors__/ThirdPerson/Maps/L_Level1/4/HV/1MYRRC54EAIE8424CEITGS
 |- Actor Path: /Game/ThirdPerson/Maps/L_Level1.L_Level1:PersistentLevel.PostProcessVolume_0
 |- Actor Package: /Game/__ExternalActors__/ThirdPerson/Maps/L_Level1/9/8N/P0JQ5504GMF2JCFX6WN2RY
 |- Actor Path: /Game/ThirdPerson/Maps/L_Level1.L_Level1:PersistentLevel.SkyAtmosphere_0
 |- Actor Package: /Game/__ExternalActors__/ThirdPerson/Maps/L_Level1/6/CX/G5C13VEKPB1ZD5GXA83PL7
 |- Actor Path: /Game/ThirdPerson/Maps/L_Level1.L_Level1:PersistentLevel.SkyLight_1
 |- Actor Package: /Game/__ExternalActors__/ThirdPerson/Maps/L_Level1/A/CH/1L7KFM1GW5K1TAS9E05UFA
 |- Actor Path: /Game/ThirdPerson/Maps/L_Level1.L_Level1:PersistentLevel.StaticMeshActor_1
 |- Actor Package: /Game/__ExternalActors__/ThirdPerson/Maps/L_Level1/0/XD/BTTQRKJFS5MOD8OXQIFPGY
 |- Actor Path: /Game/ThirdPerson/Maps/L_Level1.L_Level1:PersistentLevel.StaticMeshActor_UAID_2C58B90D065983C202_1245852416
 |- Actor Package: /Game/__ExternalActors__/ThirdPerson/Maps/L_Level1/A/S7/89EQRK3HZE0YROZ9Q1HNPP
 |- Actor Path: /Game/ThirdPerson/Maps/L_Level1.L_Level1:PersistentLevel.StaticMeshActor_UAID_2C58B90D065985C202_1555585769
 |- Actor Package: /Game/__ExternalActors__/ThirdPerson/Maps/L_Level1/1/WG/XNWB9UFQZTUGMETUK7YBR6
 |- Actor Path: /Game/ThirdPerson/Maps/L_Level1.L_Level1:PersistentLevel.StaticMeshActor_UAID_2C58B90D065987C202_1758966122
 |- Actor Package: /Game/__ExternalActors__/ThirdPerson/Maps/L_Level1/8/UO/CZMR47G7AVZSIK30MWTBPM
 |- Actor Path: /Game/ThirdPerson/Maps/L_Level1.L_Level1:PersistentLevel.StaticMeshActor_UAID_2C58B90D065987C202_1814643123
 |- Actor Package: /Game/__ExternalActors__/ThirdPerson/Maps/L_Level1/D/9K/02C2NHQB9J6EAC0YKUO8YZ
 |- Actor Path: /Game/ThirdPerson/Maps/L_Level1.L_Level1:PersistentLevel.StaticMeshActor_UAID_A4AE111137DC5EFB00_1110535423
 |- Actor Package: /Game/__ExternalActors__/ThirdPerson/Maps/L_Level1/E/RJ/K2W2TEVXA6QT9O24JYMCJF
 |- Actor Path: /Game/ThirdPerson/Maps/L_Level1.L_Level1:PersistentLevel.VolumetricCloud_0
 |- Actor Package: /Game/__ExternalActors__/ThirdPerson/Maps/L_Level1/3/Y9/922CKEV3013LZRV58AB083
 |- Actor Path: /Game/ThirdPerson/Maps/L_Level1.L_Level1:PersistentLevel.WorldDataLayers
 |- Actor Package: /Game/__ExternalActors__/ThirdPerson/Maps/L_Level1/7/I3/7MKG5SQQLQ7CFW4S2UW0C3

----------------------------------------------------------------------------------------------------------------
L_Level1 - Runtime Hash Set
----------------------------------------------------------------------------------------------------------------

