[+] Containers:
 |- [+] Container: /Game/ThirdPerson/Maps/L_Level1
 |   |- [+] ActorDescs:
 |   |   |- Guid:2FB58999456391D349DC0F86DAC136ED NativeClass:/Script/Engine.SkyLight Name:SkyLight_1 Label:SkyLight SpatiallyLoaded:false EditorBounds:IsValid=true, Min=(X=-1.000 Y=-1.000 Z=-1.000), Max=(X=1.000 Y=1.000 Z=690.000) RuntimeBounds:IsValid=true, Min=(X=0.000 Y=0.000 Z=690.000), Max=(X=0.000 Y=0.000 Z=690.000) RuntimeGrid:None EditorOnly:false RuntimeOnly:false HLODRelevant:false ListedInSceneOutliner:true IsMainWorldOnly:false FolderPath:Lighting FolderGuid:963EC3EB4002CCE9759E2EBA541A873A
 |   |   |- Guid:316CF2A6494ACA4C0E4180A87D36AB8F NativeClass:/Script/Engine.ExponentialHeightFog Name:ExponentialHeightFog_0 Label:ExponentialHeightFog SpatiallyLoaded:false EditorBounds:IsValid=true, Min=(X=-5728.000 Y=-178.000 Z=-6978.000), Max=(X=-5472.000 Y=78.000 Z=-6722.000) RuntimeBounds:IsValid=true, Min=(X=-5600.000 Y=-50.000 Z=-6850.000), Max=(X=-5600.000 Y=-50.000 Z=-6850.000) RuntimeGrid:None EditorOnly:false RuntimeOnly:false HLODRelevant:false ListedInSceneOutliner:true IsMainWorldOnly:false FolderPath:Lighting FolderGuid:963EC3EB4002CCE9759E2EBA541A873A
 |   |   |- Guid:3A00AA1C422CE54C0BDB60BAF471BFBB NativeClass:/Script/Engine.PlayerStart Name:PlayerStart_0 Label:PlayerStart SpatiallyLoaded:false EditorBounds:IsValid=true, Min=(X=682.000 Y=982.000 Z=64.013), Max=(X=1050.000 Y=1238.000 Z=320.013) RuntimeBounds:IsValid=true, Min=(X=770.000 Y=1070.000 Z=100.013), Max=(X=850.000 Y=1150.000 Z=284.013) RuntimeGrid:None EditorOnly:false RuntimeOnly:false HLODRelevant:false ListedInSceneOutliner:true IsMainWorldOnly:false
 |   |   |- Guid:43815E84492231AFC407F59E3C28176B NativeClass:/Script/Engine.StaticMeshActor Name:StaticMeshActor_4 Label:SM_Cube6 SpatiallyLoaded:true EditorBounds:IsValid=true, Min=(X=2900.000 Y=100.000 Z=0.000), Max=(X=3000.000 Y=3400.000 Z=400.000) RuntimeBounds:IsValid=true, Min=(X=2900.000 Y=100.000 Z=0.000), Max=(X=3000.000 Y=3400.000 Z=400.000) RuntimeGrid:None EditorOnly:false RuntimeOnly:false HLODRelevant:true ListedInSceneOutliner:true IsMainWorldOnly:false FolderPath:Playground FolderGuid:C73F09FC4215536B1DCE2A9E0A830C70
 |   |   |- Guid:4964969D45D1BF20F48D189A027A3B0C NativeClass:/Script/Engine.StaticMeshActor Name:StaticMeshActor_UAID_04421A22D216F3C002_1360862018 Label:Cube SpatiallyLoaded:true EditorBounds:IsValid=true, Min=(X=597.500 Y=882.500 Z=2.500), Max=(X=1022.500 Y=1357.500 Z=77.500) RuntimeBounds:IsValid=true, Min=(X=597.500 Y=882.500 Z=2.500), Max=(X=1022.500 Y=1357.500 Z=77.500) RuntimeGrid:None EditorOnly:false RuntimeOnly:false HLODRelevant:true ListedInSceneOutliner:true IsMainWorldOnly:false
 |   |   |- Guid:4D3BE93F4146AAAC8BBE79999D96D57F NativeClass:/Script/Engine.VolumetricCloud Name:VolumetricCloud_0 Label:VolumetricCloud SpatiallyLoaded:false EditorBounds:IsValid=true, Min=(X=-128.000 Y=-128.000 Z=692.000), Max=(X=128.000 Y=128.000 Z=948.000) RuntimeBounds:IsValid=true, Min=(X=0.000 Y=0.000 Z=820.000), Max=(X=0.000 Y=0.000 Z=820.000) RuntimeGrid:None EditorOnly:false RuntimeOnly:false HLODRelevant:false ListedInSceneOutliner:true IsMainWorldOnly:false FolderPath:Lighting FolderGuid:963EC3EB4002CCE9759E2EBA541A873A
 |   |   |- Guid:4FD38CCA40FAB5C2A6FC3E88516E6732 NativeClass:/Script/Engine.StaticMeshActor Name:StaticMeshActor_UAID_2C58B90D065983C202_1245852416 Label:SM_Bridge SpatiallyLoaded:true EditorBounds:IsValid=true, Min=(X=1000.030 Y=986.574 Z=47.307), Max=(X=1679.970 Y=1171.370 Z=156.291) RuntimeBounds:IsValid=true, Min=(X=1000.030 Y=986.574 Z=47.307), Max=(X=1679.970 Y=1171.370 Z=156.291) RuntimeGrid:None EditorOnly:false RuntimeOnly:false HLODRelevant:true ListedInSceneOutliner:true IsMainWorldOnly:false
 |   |   |- Guid:6BAF4DDD444C60371492D3919DB42C97 NativeClass:/Script/Engine.WorldDataLayers Name:WorldDataLayers Label:WorldDataLayers SpatiallyLoaded:false EditorBounds:IsValid=false, Min=(X=0.000 Y=0.000 Z=0.000), Max=(X=0.000 Y=0.000 Z=0.000) RuntimeBounds:IsValid=false, Min=(X=0.000 Y=0.000 Z=0.000), Max=(X=0.000 Y=0.000 Z=0.000) RuntimeGrid:None EditorOnly:false RuntimeOnly:false HLODRelevant:false ListedInSceneOutliner:true IsMainWorldOnly:true
 |   |   |- Guid:73479DB1474D1386F395F9851BD57849 NativeClass:/Script/Engine.StaticMeshActor Name:StaticMeshActor_UAID_2C58B90D065982C202_1077129239 Label:Bridge01_LOD0 SpatiallyLoaded:true EditorBounds:IsValid=true, Min=(X=700.000 Y=1450.000 Z=980.000), Max=(X=700.000 Y=1450.000 Z=980.000) RuntimeBounds:IsValid=true, Min=(X=700.000 Y=1450.000 Z=980.000), Max=(X=700.000 Y=1450.000 Z=980.000) RuntimeGrid:None EditorOnly:false RuntimeOnly:false HLODRelevant:false ListedInSceneOutliner:true IsMainWorldOnly:false
 |   |   |- Guid:A9782D14406E451EA187B1890B615FF6 BaseClass:/Game/Blueprints/BP_Goal.BP_Goal_C NativeClass:/Script/Engine.Actor Name:BP_Goal_C_UAID_04421A22D216F3C002_1290680015 Label:BP_Goal SpatiallyLoaded:true EditorBounds:IsValid=true, Min=(X=1940.000 Y=1050.000 Z=0.000), Max=(X=2040.000 Y=1150.000 Z=100.000) RuntimeBounds:IsValid=true, Min=(X=1940.000 Y=1050.000 Z=0.000), Max=(X=2040.000 Y=1150.000 Z=100.000) RuntimeGrid:None EditorOnly:false RuntimeOnly:false HLODRelevant:false ListedInSceneOutliner:true IsMainWorldOnly:false
 |   |   |- Guid:B785ED2844B84CFB91E7F39FE661CD99 NativeClass:/Script/Engine.DirectionalLight Name:DirectionalLight_0 Label:DirectionalLight SpatiallyLoaded:false EditorBounds:IsValid=false, Min=(X=0.000 Y=0.000 Z=0.000), Max=(X=0.000 Y=0.000 Z=0.000) RuntimeBounds:IsValid=false, Min=(X=0.000 Y=0.000 Z=0.000), Max=(X=0.000 Y=0.000 Z=0.000) RuntimeGrid:None EditorOnly:false RuntimeOnly:false HLODRelevant:false ListedInSceneOutliner:true IsMainWorldOnly:false FolderPath:Lighting FolderGuid:963EC3EB4002CCE9759E2EBA541A873A
 |   |   |- Guid:CCFF262C46EEFFDF319E7F9539CE697E NativeClass:/Script/Engine.SkyAtmosphere Name:SkyAtmosphere_0 Label:SkyAtmosphere SpatiallyLoaded:false EditorBounds:IsValid=true, Min=(X=-128.000 Y=-128.000 Z=892.000), Max=(X=240.000 Y=128.000 Z=1148.000) RuntimeBounds:IsValid=true, Min=(X=0.000 Y=0.000 Z=1020.000), Max=(X=0.000 Y=0.000 Z=1020.000) RuntimeGrid:None EditorOnly:false RuntimeOnly:false HLODRelevant:false ListedInSceneOutliner:true IsMainWorldOnly:false FolderPath:Lighting FolderGuid:963EC3EB4002CCE9759E2EBA541A873A
 |   |   |- Guid:E643FC594DECBDAF03F285A410E3D58B BaseClass:/Game/Player/BP_MovingCamera.BP_MovingCamera_C NativeClass:/Script/Engine.Actor Name:BP_MovingCamera_C_UAID_2C58B90D0659A5C002_1109503289 Label:BP_MovingCamera SpatiallyLoaded:true EditorBounds:IsValid=true, Min=(X=940.000 Y=120.000 Z=-1010.000), Max=(X=2960.000 Y=2140.000 Z=1010.000) RuntimeBounds:IsValid=true, Min=(X=1950.000 Y=1130.000 Z=0.000), Max=(X=1950.000 Y=1130.000 Z=0.000) RuntimeGrid:None EditorOnly:false RuntimeOnly:false HLODRelevant:false ListedInSceneOutliner:true IsMainWorldOnly:false
 |   |   |- Guid:EC4E0C944CE6AC6E784BC6BB2916EA13 NativeClass:/Script/Engine.StaticMeshActor Name:StaticMeshActor_UAID_A4AE111137DC5EFB00_1110535423 Label:SM_SkySphere SpatiallyLoaded:false EditorBounds:IsValid=true, Min=(X=-1638400.000 Y=-1638400.000 Z=-1638400.000), Max=(X=1638400.000 Y=1638400.000 Z=1638400.000) RuntimeBounds:IsValid=true, Min=(X=-1638400.000 Y=-1638400.000 Z=-1638400.000), Max=(X=1638400.000 Y=1638400.000 Z=1638400.000) RuntimeGrid:None EditorOnly:false RuntimeOnly:false HLODRelevant:false ListedInSceneOutliner:true IsMainWorldOnly:false FolderPath:Lighting FolderGuid:963EC3EB4002CCE9759E2EBA541A873A
 |   |   |- Guid:F1924B8D48954B30891B2DB6A694F9CC NativeClass:/Script/Engine.StaticMeshActor Name:StaticMeshActor_1 Label:SM_Cube SpatiallyLoaded:true EditorBounds:IsValid=true, Min=(X=0.000 Y=0.000 Z=-50.000), Max=(X=3000.000 Y=3500.000 Z=0.000) RuntimeBounds:IsValid=true, Min=(X=0.000 Y=0.000 Z=-50.000), Max=(X=3000.000 Y=3500.000 Z=0.000) RuntimeGrid:None EditorOnly:false RuntimeOnly:false HLODRelevant:true ListedInSceneOutliner:true IsMainWorldOnly:false FolderPath:Playground FolderGuid:C73F09FC4215536B1DCE2A9E0A830C70
 |   |   |- Guid:F5E3FEB3450C49844FD93DA8E083C8AD NativeClass:/Script/Engine.PostProcessVolume Name:PostProcessVolume_0 Label:PostProcessVolume SpatiallyLoaded:false EditorBounds:IsValid=true, Min=(X=0.000 Y=0.000 Z=400.000), Max=(X=200.000 Y=200.000 Z=600.000) RuntimeBounds:IsValid=true, Min=(X=0.000 Y=0.000 Z=400.000), Max=(X=200.000 Y=200.000 Z=600.000) RuntimeGrid:None EditorOnly:false RuntimeOnly:false HLODRelevant:false ListedInSceneOutliner:true IsMainWorldOnly:false FolderPath:Lighting FolderGuid:963EC3EB4002CCE9759E2EBA541A873A
 |   |- [+] Clusters:
 |   |   |- [+] [  0]
 |   |   |   |- Guid:2FB58999456391D349DC0F86DAC136ED NativeClass:/Script/Engine.SkyLight Name:SkyLight_1 Label:SkyLight SpatiallyLoaded:false EditorBounds:IsValid=true, Min=(X=-1.000 Y=-1.000 Z=-1.000), Max=(X=1.000 Y=1.000 Z=690.000) RuntimeBounds:IsValid=true, Min=(X=0.000 Y=0.000 Z=690.000), Max=(X=0.000 Y=0.000 Z=690.000) RuntimeGrid:None EditorOnly:false RuntimeOnly:false HLODRelevant:false ListedInSceneOutliner:true IsMainWorldOnly:false FolderPath:Lighting FolderGuid:963EC3EB4002CCE9759E2EBA541A873A
 |   |   |- [+] [  1]
 |   |   |   |- Guid:316CF2A6494ACA4C0E4180A87D36AB8F NativeClass:/Script/Engine.ExponentialHeightFog Name:ExponentialHeightFog_0 Label:ExponentialHeightFog SpatiallyLoaded:false EditorBounds:IsValid=true, Min=(X=-5728.000 Y=-178.000 Z=-6978.000), Max=(X=-5472.000 Y=78.000 Z=-6722.000) RuntimeBounds:IsValid=true, Min=(X=-5600.000 Y=-50.000 Z=-6850.000), Max=(X=-5600.000 Y=-50.000 Z=-6850.000) RuntimeGrid:None EditorOnly:false RuntimeOnly:false HLODRelevant:false ListedInSceneOutliner:true IsMainWorldOnly:false FolderPath:Lighting FolderGuid:963EC3EB4002CCE9759E2EBA541A873A
 |   |   |- [+] [  2]
 |   |   |   |- Guid:3A00AA1C422CE54C0BDB60BAF471BFBB NativeClass:/Script/Engine.PlayerStart Name:PlayerStart_0 Label:PlayerStart SpatiallyLoaded:false EditorBounds:IsValid=true, Min=(X=682.000 Y=982.000 Z=64.013), Max=(X=1050.000 Y=1238.000 Z=320.013) RuntimeBounds:IsValid=true, Min=(X=770.000 Y=1070.000 Z=100.013), Max=(X=850.000 Y=1150.000 Z=284.013) RuntimeGrid:None EditorOnly:false RuntimeOnly:false HLODRelevant:false ListedInSceneOutliner:true IsMainWorldOnly:false
 |   |   |- [+] [  3]
 |   |   |   |- Guid:43815E84492231AFC407F59E3C28176B NativeClass:/Script/Engine.StaticMeshActor Name:StaticMeshActor_4 Label:SM_Cube6 SpatiallyLoaded:true EditorBounds:IsValid=true, Min=(X=2900.000 Y=100.000 Z=0.000), Max=(X=3000.000 Y=3400.000 Z=400.000) RuntimeBounds:IsValid=true, Min=(X=2900.000 Y=100.000 Z=0.000), Max=(X=3000.000 Y=3400.000 Z=400.000) RuntimeGrid:None EditorOnly:false RuntimeOnly:false HLODRelevant:true ListedInSceneOutliner:true IsMainWorldOnly:false FolderPath:Playground FolderGuid:C73F09FC4215536B1DCE2A9E0A830C70
 |   |   |- [+] [  4]
 |   |   |   |- Guid:4964969D45D1BF20F48D189A027A3B0C NativeClass:/Script/Engine.StaticMeshActor Name:StaticMeshActor_UAID_04421A22D216F3C002_1360862018 Label:Cube SpatiallyLoaded:true EditorBounds:IsValid=true, Min=(X=597.500 Y=882.500 Z=2.500), Max=(X=1022.500 Y=1357.500 Z=77.500) RuntimeBounds:IsValid=true, Min=(X=597.500 Y=882.500 Z=2.500), Max=(X=1022.500 Y=1357.500 Z=77.500) RuntimeGrid:None EditorOnly:false RuntimeOnly:false HLODRelevant:true ListedInSceneOutliner:true IsMainWorldOnly:false
 |   |   |- [+] [  5]
 |   |   |   |- Guid:4D3BE93F4146AAAC8BBE79999D96D57F NativeClass:/Script/Engine.VolumetricCloud Name:VolumetricCloud_0 Label:VolumetricCloud SpatiallyLoaded:false EditorBounds:IsValid=true, Min=(X=-128.000 Y=-128.000 Z=692.000), Max=(X=128.000 Y=128.000 Z=948.000) RuntimeBounds:IsValid=true, Min=(X=0.000 Y=0.000 Z=820.000), Max=(X=0.000 Y=0.000 Z=820.000) RuntimeGrid:None EditorOnly:false RuntimeOnly:false HLODRelevant:false ListedInSceneOutliner:true IsMainWorldOnly:false FolderPath:Lighting FolderGuid:963EC3EB4002CCE9759E2EBA541A873A
 |   |   |- [+] [  6]
 |   |   |   |- Guid:4FD38CCA40FAB5C2A6FC3E88516E6732 NativeClass:/Script/Engine.StaticMeshActor Name:StaticMeshActor_UAID_2C58B90D065983C202_1245852416 Label:SM_Bridge SpatiallyLoaded:true EditorBounds:IsValid=true, Min=(X=1000.030 Y=986.574 Z=47.307), Max=(X=1679.970 Y=1171.370 Z=156.291) RuntimeBounds:IsValid=true, Min=(X=1000.030 Y=986.574 Z=47.307), Max=(X=1679.970 Y=1171.370 Z=156.291) RuntimeGrid:None EditorOnly:false RuntimeOnly:false HLODRelevant:true ListedInSceneOutliner:true IsMainWorldOnly:false
 |   |   |- [+] [  7]
 |   |   |   |- Guid:6BAF4DDD444C60371492D3919DB42C97 NativeClass:/Script/Engine.WorldDataLayers Name:WorldDataLayers Label:WorldDataLayers SpatiallyLoaded:false EditorBounds:IsValid=false, Min=(X=0.000 Y=0.000 Z=0.000), Max=(X=0.000 Y=0.000 Z=0.000) RuntimeBounds:IsValid=false, Min=(X=0.000 Y=0.000 Z=0.000), Max=(X=0.000 Y=0.000 Z=0.000) RuntimeGrid:None EditorOnly:false RuntimeOnly:false HLODRelevant:false ListedInSceneOutliner:true IsMainWorldOnly:true
 |   |   |- [+] [  8]
 |   |   |   |- Guid:73479DB1474D1386F395F9851BD57849 NativeClass:/Script/Engine.StaticMeshActor Name:StaticMeshActor_UAID_2C58B90D065982C202_1077129239 Label:Bridge01_LOD0 SpatiallyLoaded:true EditorBounds:IsValid=true, Min=(X=700.000 Y=1450.000 Z=980.000), Max=(X=700.000 Y=1450.000 Z=980.000) RuntimeBounds:IsValid=true, Min=(X=700.000 Y=1450.000 Z=980.000), Max=(X=700.000 Y=1450.000 Z=980.000) RuntimeGrid:None EditorOnly:false RuntimeOnly:false HLODRelevant:false ListedInSceneOutliner:true IsMainWorldOnly:false
 |   |   |- [+] [  9]
 |   |   |   |- Guid:A9782D14406E451EA187B1890B615FF6 BaseClass:/Game/Blueprints/BP_Goal.BP_Goal_C NativeClass:/Script/Engine.Actor Name:BP_Goal_C_UAID_04421A22D216F3C002_1290680015 Label:BP_Goal SpatiallyLoaded:true EditorBounds:IsValid=true, Min=(X=1940.000 Y=1050.000 Z=0.000), Max=(X=2040.000 Y=1150.000 Z=100.000) RuntimeBounds:IsValid=true, Min=(X=1940.000 Y=1050.000 Z=0.000), Max=(X=2040.000 Y=1150.000 Z=100.000) RuntimeGrid:None EditorOnly:false RuntimeOnly:false HLODRelevant:false ListedInSceneOutliner:true IsMainWorldOnly:false
 |   |   |- [+] [ 10]
 |   |   |   |- Guid:B785ED2844B84CFB91E7F39FE661CD99 NativeClass:/Script/Engine.DirectionalLight Name:DirectionalLight_0 Label:DirectionalLight SpatiallyLoaded:false EditorBounds:IsValid=false, Min=(X=0.000 Y=0.000 Z=0.000), Max=(X=0.000 Y=0.000 Z=0.000) RuntimeBounds:IsValid=false, Min=(X=0.000 Y=0.000 Z=0.000), Max=(X=0.000 Y=0.000 Z=0.000) RuntimeGrid:None EditorOnly:false RuntimeOnly:false HLODRelevant:false ListedInSceneOutliner:true IsMainWorldOnly:false FolderPath:Lighting FolderGuid:963EC3EB4002CCE9759E2EBA541A873A
 |   |   |- [+] [ 11]
 |   |   |   |- Guid:CCFF262C46EEFFDF319E7F9539CE697E NativeClass:/Script/Engine.SkyAtmosphere Name:SkyAtmosphere_0 Label:SkyAtmosphere SpatiallyLoaded:false EditorBounds:IsValid=true, Min=(X=-128.000 Y=-128.000 Z=892.000), Max=(X=240.000 Y=128.000 Z=1148.000) RuntimeBounds:IsValid=true, Min=(X=0.000 Y=0.000 Z=1020.000), Max=(X=0.000 Y=0.000 Z=1020.000) RuntimeGrid:None EditorOnly:false RuntimeOnly:false HLODRelevant:false ListedInSceneOutliner:true IsMainWorldOnly:false FolderPath:Lighting FolderGuid:963EC3EB4002CCE9759E2EBA541A873A
 |   |   |- [+] [ 12]
 |   |   |   |- Guid:E643FC594DECBDAF03F285A410E3D58B BaseClass:/Game/Player/BP_MovingCamera.BP_MovingCamera_C NativeClass:/Script/Engine.Actor Name:BP_MovingCamera_C_UAID_2C58B90D0659A5C002_1109503289 Label:BP_MovingCamera SpatiallyLoaded:true EditorBounds:IsValid=true, Min=(X=940.000 Y=120.000 Z=-1010.000), Max=(X=2960.000 Y=2140.000 Z=1010.000) RuntimeBounds:IsValid=true, Min=(X=1950.000 Y=1130.000 Z=0.000), Max=(X=1950.000 Y=1130.000 Z=0.000) RuntimeGrid:None EditorOnly:false RuntimeOnly:false HLODRelevant:false ListedInSceneOutliner:true IsMainWorldOnly:false
 |   |   |- [+] [ 13]
 |   |   |   |- Guid:EC4E0C944CE6AC6E784BC6BB2916EA13 NativeClass:/Script/Engine.StaticMeshActor Name:StaticMeshActor_UAID_A4AE111137DC5EFB00_1110535423 Label:SM_SkySphere SpatiallyLoaded:false EditorBounds:IsValid=true, Min=(X=-1638400.000 Y=-1638400.000 Z=-1638400.000), Max=(X=1638400.000 Y=1638400.000 Z=1638400.000) RuntimeBounds:IsValid=true, Min=(X=-1638400.000 Y=-1638400.000 Z=-1638400.000), Max=(X=1638400.000 Y=1638400.000 Z=1638400.000) RuntimeGrid:None EditorOnly:false RuntimeOnly:false HLODRelevant:false ListedInSceneOutliner:true IsMainWorldOnly:false FolderPath:Lighting FolderGuid:963EC3EB4002CCE9759E2EBA541A873A
 |   |   |- [+] [ 14]
 |   |   |   |- Guid:F1924B8D48954B30891B2DB6A694F9CC NativeClass:/Script/Engine.StaticMeshActor Name:StaticMeshActor_1 Label:SM_Cube SpatiallyLoaded:true EditorBounds:IsValid=true, Min=(X=0.000 Y=0.000 Z=-50.000), Max=(X=3000.000 Y=3500.000 Z=0.000) RuntimeBounds:IsValid=true, Min=(X=0.000 Y=0.000 Z=-50.000), Max=(X=3000.000 Y=3500.000 Z=0.000) RuntimeGrid:None EditorOnly:false RuntimeOnly:false HLODRelevant:true ListedInSceneOutliner:true IsMainWorldOnly:false FolderPath:Playground FolderGuid:C73F09FC4215536B1DCE2A9E0A830C70
 |   |   |- [+] [ 15]
 |   |   |   |- Guid:F5E3FEB3450C49844FD93DA8E083C8AD NativeClass:/Script/Engine.PostProcessVolume Name:PostProcessVolume_0 Label:PostProcessVolume SpatiallyLoaded:false EditorBounds:IsValid=true, Min=(X=0.000 Y=0.000 Z=400.000), Max=(X=200.000 Y=200.000 Z=600.000) RuntimeBounds:IsValid=true, Min=(X=0.000 Y=0.000 Z=400.000), Max=(X=200.000 Y=200.000 Z=600.000) RuntimeGrid:None EditorOnly:false RuntimeOnly:false HLODRelevant:false ListedInSceneOutliner:true IsMainWorldOnly:false FolderPath:Lighting FolderGuid:963EC3EB4002CCE9759E2EBA541A873A
 |- ContainerInstances:
 |- [+] MainContainer:
 |   |-        ID: 00000000000000000000000000000000
 |   |-  ParentID: 00000000000000000000000000000000
 |   |-    Bounds: IsValid=false, Min=(X=0.000 Y=0.000 Z=0.000), Max=(X=0.000 Y=0.000 Z=0.000)
 |   |- Transform: 0.000000,0.000000,0.000000|0.000000,0.000000,-0.000000|1.000000,1.000000,1.000000
 |   |- Container: /Game/ThirdPerson/Maps/L_Level1
----------------------------------------------------------------------------------------------------------------
L_Level1 - Persistent Level
----------------------------------------------------------------------------------------------------------------
[+] Content of L_Level1 Persistent Level
 |- Always loaded Actor Count: 16 
 |- Actor Path: /Game/ThirdPerson/Maps/L_Level1.L_Level1:PersistentLevel.BP_Goal_C_UAID_04421A22D216F3C002_1290680015
 |- Actor Package: /Game/__ExternalActors__/ThirdPerson/Maps/L_Level1/8/TX/EX7EHD21B34HL7ZISK78AF
 |- Actor Path: /Game/ThirdPerson/Maps/L_Level1.L_Level1:PersistentLevel.BP_MovingCamera_C_UAID_2C58B90D0659A5C002_1109503289
 |- Actor Package: /Game/__ExternalActors__/ThirdPerson/Maps/L_Level1/5/W3/PDK928461PA087PPQ5AQIC
 |- Actor Path: /Game/ThirdPerson/Maps/L_Level1.L_Level1:PersistentLevel.DirectionalLight_0
 |- Actor Package: /Game/__ExternalActors__/ThirdPerson/Maps/L_Level1/9/9D/7ZQ26MGHWZ5LK260ZD5Y9A
 |- Actor Path: /Game/ThirdPerson/Maps/L_Level1.L_Level1:PersistentLevel.ExponentialHeightFog_0
 |- Actor Package: /Game/__ExternalActors__/ThirdPerson/Maps/L_Level1/8/W8/QIMDVXFSPNAD3YZP3GQE3C
 |- Actor Path: /Game/ThirdPerson/Maps/L_Level1.L_Level1:PersistentLevel.PlayerStart_0
 |- Actor Package: /Game/__ExternalActors__/ThirdPerson/Maps/L_Level1/4/HV/1MYRRC54EAIE8424CEITGS
 |- Actor Path: /Game/ThirdPerson/Maps/L_Level1.L_Level1:PersistentLevel.PostProcessVolume_0
 |- Actor Package: /Game/__ExternalActors__/ThirdPerson/Maps/L_Level1/9/8N/P0JQ5504GMF2JCFX6WN2RY
 |- Actor Path: /Game/ThirdPerson/Maps/L_Level1.L_Level1:PersistentLevel.SkyAtmosphere_0
 |- Actor Package: /Game/__ExternalActors__/ThirdPerson/Maps/L_Level1/6/CX/G5C13VEKPB1ZD5GXA83PL7
 |- Actor Path: /Game/ThirdPerson/Maps/L_Level1.L_Level1:PersistentLevel.SkyLight_1
 |- Actor Package: /Game/__ExternalActors__/ThirdPerson/Maps/L_Level1/A/CH/1L7KFM1GW5K1TAS9E05UFA
 |- Actor Path: /Game/ThirdPerson/Maps/L_Level1.L_Level1:PersistentLevel.StaticMeshActor_1
 |- Actor Package: /Game/__ExternalActors__/ThirdPerson/Maps/L_Level1/0/XD/BTTQRKJFS5MOD8OXQIFPGY
 |- Actor Path: /Game/ThirdPerson/Maps/L_Level1.L_Level1:PersistentLevel.StaticMeshActor_4
 |- Actor Package: /Game/__ExternalActors__/ThirdPerson/Maps/L_Level1/2/9Q/DOTIAUZOVQZXUYW97FUANM
 |- Actor Path: /Game/ThirdPerson/Maps/L_Level1.L_Level1:PersistentLevel.StaticMeshActor_UAID_04421A22D216F3C002_1360862018
 |- Actor Package: /Game/__ExternalActors__/ThirdPerson/Maps/L_Level1/2/0B/30EEDVDMEHFIZCPNHAY2M2
 |- Actor Path: /Game/ThirdPerson/Maps/L_Level1.L_Level1:PersistentLevel.StaticMeshActor_UAID_2C58B90D065982C202_1077129239
 |- Actor Package: /Game/__ExternalActors__/ThirdPerson/Maps/L_Level1/4/R4/UEWSCO60NASUC7L4MXDCM8
 |- Actor Path: /Game/ThirdPerson/Maps/L_Level1.L_Level1:PersistentLevel.StaticMeshActor_UAID_2C58B90D065983C202_1245852416
 |- Actor Package: /Game/__ExternalActors__/ThirdPerson/Maps/L_Level1/A/S7/89EQRK3HZE0YROZ9Q1HNPP
 |- Actor Path: /Game/ThirdPerson/Maps/L_Level1.L_Level1:PersistentLevel.StaticMeshActor_UAID_A4AE111137DC5EFB00_1110535423
 |- Actor Package: /Game/__ExternalActors__/ThirdPerson/Maps/L_Level1/E/RJ/K2W2TEVXA6QT9O24JYMCJF
 |- Actor Path: /Game/ThirdPerson/Maps/L_Level1.L_Level1:PersistentLevel.VolumetricCloud_0
 |- Actor Package: /Game/__ExternalActors__/ThirdPerson/Maps/L_Level1/3/Y9/922CKEV3013LZRV58AB083
 |- Actor Path: /Game/ThirdPerson/Maps/L_Level1.L_Level1:PersistentLevel.WorldDataLayers
 |- Actor Package: /Game/__ExternalActors__/ThirdPerson/Maps/L_Level1/7/I3/7MKG5SQQLQ7CFW4S2UW0C3

----------------------------------------------------------------------------------------------------------------
L_Level1 - Runtime Hash Set
----------------------------------------------------------------------------------------------------------------

